TpTrace Verbose: 0 : 20428, 1, 2024/12/17, 15:28:30.026, 7752278890894, vstest.console.dll, Version: 17.12.0-release-24508-01 Current process architecture: X64
TpTrace Verbose: 0 : 20428, 1, 2024/12/17, 15:28:30.033, 7752278957169, vstest.console.dll, Runtime location: C:\Program Files\dotnet\shared\Microsoft.NETCore.App\9.0.0
TpTrace Verbose: 0 : 20428, 1, 2024/12/17, 15:28:30.040, 7752279028295, vstest.console.dll, ArtifactProcessingPostProcessModeProcessorExecutor.Initialize: ArtifactProcessingMode.Collect
TpTrace Verbose: 0 : 20428, 1, 2024/12/17, 15:28:30.040, 7752279030689, vstest.console.dll, TestSessionCorrelationIdProcessorModeProcessorExecutor.Initialize: TestSessionCorrelationId '9168_e8c33fbd-dcbf-4116-83c1-66d866e98628'
TpTrace Information: 0 : 20428, 1, 2024/12/17, 15:28:30.056, 7752279186221, vstest.console.dll, FilePatternParser: The given file C:\Users\Administrator\Desktop\.NET Training\Day6\ProductMicroservice\ProductServiceTest\bin\Debug\net8.0\fine-code-coverage\build-output\ProductServiceTest.dll is a full path.
TpTrace Verbose: 0 : 20428, 1, 2024/12/17, 15:28:30.126, 7752279895684, vstest.console.dll, TestPluginCache.DiscoverTestExtensions: finding test extensions in assemblies ends with: RuntimeProvider.dll TPluginInfo: Microsoft.VisualStudio.TestPlatform.Common.ExtensionFramework.Utilities.TestRuntimePluginInformation TExtension: Microsoft.VisualStudio.TestPlatform.ObjectModel.Host.ITestRuntimeProvider
TpTrace Verbose: 0 : 20428, 1, 2024/12/17, 15:28:30.127, 7752279902413, vstest.console.dll, TestPluginCache.GetExtensionPaths: Filtered extension paths: 
TpTrace Verbose: 0 : 20428, 1, 2024/12/17, 15:28:30.127, 7752279904028, vstest.console.dll, TestPluginCache.GetExtensionPaths: Added default extension paths: C:\Program Files\dotnet\sdk\9.0.101\Extensions\Microsoft.Diagnostics.NETCore.Client.dll
C:\Program Files\dotnet\sdk\9.0.101\Extensions\Microsoft.TestPlatform.Extensions.BlameDataCollector.dll
C:\Program Files\dotnet\sdk\9.0.101\Extensions\Microsoft.TestPlatform.Extensions.EventLogCollector.dll
C:\Program Files\dotnet\sdk\9.0.101\Extensions\Microsoft.TestPlatform.TestHostRuntimeProvider.dll
C:\Program Files\dotnet\sdk\9.0.101\Extensions\Microsoft.VisualStudio.TestPlatform.Extensions.Html.TestLogger.dll
C:\Program Files\dotnet\sdk\9.0.101\Extensions\Microsoft.VisualStudio.TestPlatform.Extensions.Trx.TestLogger.dll
TpTrace Verbose: 0 : 20428, 1, 2024/12/17, 15:28:30.127, 7752279904724, vstest.console.dll, TestPluginCache.GetExtensionPaths: Added unfilterableExtensionPaths: 
TpTrace Information: 0 : 20428, 1, 2024/12/17, 15:28:30.129, 7752279918964, vstest.console.dll, AssemblyResolver.ctor: Creating AssemblyResolver with searchDirectories C:\Program Files\dotnet\sdk\9.0.101\Extensions,C:\Program Files\dotnet\sdk\9.0.101
TpTrace Verbose: 0 : 20428, 1, 2024/12/17, 15:28:30.134, 7752279971286, vstest.console.dll, TestPluginCache.DiscoverTestExtensions: Discovering the extensions using extension path.
TpTrace Verbose: 0 : 20428, 1, 2024/12/17, 15:28:30.134, 7752279973197, vstest.console.dll, TestPluginCache.GetExtensionPaths: Filtered extension paths: 
TpTrace Verbose: 0 : 20428, 1, 2024/12/17, 15:28:30.134, 7752279974018, vstest.console.dll, TestPluginCache.GetExtensionPaths: Added default extension paths: C:\Program Files\dotnet\sdk\9.0.101\Extensions\Microsoft.Diagnostics.NETCore.Client.dll
C:\Program Files\dotnet\sdk\9.0.101\Extensions\Microsoft.TestPlatform.Extensions.BlameDataCollector.dll
C:\Program Files\dotnet\sdk\9.0.101\Extensions\Microsoft.TestPlatform.Extensions.EventLogCollector.dll
C:\Program Files\dotnet\sdk\9.0.101\Extensions\Microsoft.TestPlatform.TestHostRuntimeProvider.dll
C:\Program Files\dotnet\sdk\9.0.101\Extensions\Microsoft.VisualStudio.TestPlatform.Extensions.Html.TestLogger.dll
C:\Program Files\dotnet\sdk\9.0.101\Extensions\Microsoft.VisualStudio.TestPlatform.Extensions.Trx.TestLogger.dll
TpTrace Verbose: 0 : 20428, 1, 2024/12/17, 15:28:30.134, 7752279974638, vstest.console.dll, TestPluginCache.GetExtensionPaths: Added unfilterableExtensionPaths: 
TpTrace Verbose: 0 : 20428, 1, 2024/12/17, 15:28:30.135, 7752279975898, vstest.console.dll, TestPluginCache.DiscoverTestExtensions: Discovering the extensions using allExtensionPaths: C:\Program Files\dotnet\sdk\9.0.101\Extensions\Microsoft.Diagnostics.NETCore.Client.dll
C:\Program Files\dotnet\sdk\9.0.101\Extensions\Microsoft.TestPlatform.Extensions.BlameDataCollector.dll
C:\Program Files\dotnet\sdk\9.0.101\Extensions\Microsoft.TestPlatform.Extensions.EventLogCollector.dll
C:\Program Files\dotnet\sdk\9.0.101\Extensions\Microsoft.TestPlatform.TestHostRuntimeProvider.dll
C:\Program Files\dotnet\sdk\9.0.101\Extensions\Microsoft.VisualStudio.TestPlatform.Extensions.Html.TestLogger.dll
C:\Program Files\dotnet\sdk\9.0.101\Extensions\Microsoft.VisualStudio.TestPlatform.Extensions.Trx.TestLogger.dll
TpTrace Information: 0 : 20428, 1, 2024/12/17, 15:28:30.135, 7752279978748, vstest.console.dll, AssemblyResolver.AddSearchDirectories: Adding more searchDirectories C:\Program Files\dotnet\sdk\9.0.101\Extensions,C:\Program Files\dotnet\sdk\9.0.101
TpTrace Information: 0 : 20428, 1, 2024/12/17, 15:28:30.135, 7752279979838, vstest.console.dll, AssemblyResolver.AddSearchDirectories: Adding more searchDirectories C:\Program Files\dotnet\sdk\9.0.101\Extensions,C:\Program Files\dotnet\sdk\9.0.101
TpTrace Information: 0 : 20428, 1, 2024/12/17, 15:28:30.135, 7752279980615, vstest.console.dll, AssemblyResolver.AddSearchDirectories: Adding more searchDirectories C:\Program Files\dotnet\sdk\9.0.101\Extensions,C:\Program Files\dotnet\sdk\9.0.101
TpTrace Information: 0 : 20428, 1, 2024/12/17, 15:28:30.135, 7752279981240, vstest.console.dll, AssemblyResolver.AddSearchDirectories: Adding more searchDirectories C:\Program Files\dotnet\sdk\9.0.101\Extensions,C:\Program Files\dotnet\sdk\9.0.101
TpTrace Information: 0 : 20428, 1, 2024/12/17, 15:28:30.135, 7752279981850, vstest.console.dll, AssemblyResolver.AddSearchDirectories: Adding more searchDirectories C:\Program Files\dotnet\sdk\9.0.101\Extensions,C:\Program Files\dotnet\sdk\9.0.101
TpTrace Information: 0 : 20428, 1, 2024/12/17, 15:28:30.135, 7752279982456, vstest.console.dll, AssemblyResolver.AddSearchDirectories: Adding more searchDirectories C:\Program Files\dotnet\sdk\9.0.101\Extensions,C:\Program Files\dotnet\sdk\9.0.101
TpTrace Information: 0 : 20428, 1, 2024/12/17, 15:28:30.136, 7752279989623, vstest.console.dll, AssemblyResolver.OnResolve: Microsoft.Diagnostics.NETCore.Client: Resolving assembly.
TpTrace Information: 0 : 20428, 1, 2024/12/17, 15:28:30.136, 7752279991082, vstest.console.dll, AssemblyResolver.OnResolve: Microsoft.Diagnostics.NETCore.Client: Searching in: 'C:\Program Files\dotnet\sdk\9.0.101\Extensions'.
TpTrace Information: 0 : 20428, 1, 2024/12/17, 15:28:30.215, 7752280782419, vstest.console.dll, AssemblyResolver.OnResolve: Microsoft.Diagnostics.NETCore.Client: Loading assembly 'C:\Program Files\dotnet\sdk\9.0.101\Extensions\Microsoft.Diagnostics.NETCore.Client.dll'.
TpTrace Information: 0 : 20428, 1, 2024/12/17, 15:28:30.222, 7752280851835, vstest.console.dll, AssemblyResolver.OnResolve: Resolved assembly: Microsoft.Diagnostics.NETCore.Client, from path: C:\Program Files\dotnet\sdk\9.0.101\Extensions\Microsoft.Diagnostics.NETCore.Client.dll
TpTrace Verbose: 0 : 20428, 1, 2024/12/17, 15:28:30.224, 7752280872895, vstest.console.dll, MetadataReaderExtensionsHelper: Discovering extensions inside assembly 'Microsoft.Diagnostics.NETCore.Client, Version=0.2.10.41601, Culture=neutral, PublicKeyToken=31bf3856ad364e35' file path 'C:\Program Files\dotnet\sdk\9.0.101\Extensions\Microsoft.Diagnostics.NETCore.Client.dll'
TpTrace Information: 0 : 20428, 1, 2024/12/17, 15:28:30.235, 7752280982543, vstest.console.dll, AssemblyResolver.OnResolve: Microsoft.Bcl.AsyncInterfaces: Resolving assembly.
TpTrace Information: 0 : 20428, 1, 2024/12/17, 15:28:30.235, 7752280984192, vstest.console.dll, AssemblyResolver.OnResolve: Microsoft.Bcl.AsyncInterfaces: Searching in: 'C:\Program Files\dotnet\sdk\9.0.101\Extensions'.
TpTrace Information: 0 : 20428, 1, 2024/12/17, 15:28:30.235, 7752280985481, vstest.console.dll, AssemblyResolver.OnResolve: Microsoft.Bcl.AsyncInterfaces: Assembly path does not exist: 'C:\Program Files\dotnet\sdk\9.0.101\Extensions\Microsoft.Bcl.AsyncInterfaces.dll', returning.
TpTrace Information: 0 : 20428, 1, 2024/12/17, 15:28:30.236, 7752280987909, vstest.console.dll, AssemblyResolver.OnResolve: Microsoft.Bcl.AsyncInterfaces: Assembly path does not exist: 'C:\Program Files\dotnet\sdk\9.0.101\Extensions\Microsoft.Bcl.AsyncInterfaces.exe', returning.
TpTrace Information: 0 : 20428, 1, 2024/12/17, 15:28:30.236, 7752280989264, vstest.console.dll, AssemblyResolver.OnResolve: Microsoft.Bcl.AsyncInterfaces: Searching in: 'C:\Program Files\dotnet\sdk\9.0.101'.
TpTrace Information: 0 : 20428, 1, 2024/12/17, 15:28:30.236, 7752280995289, vstest.console.dll, AssemblyResolver.OnResolve: Microsoft.Bcl.AsyncInterfaces: Assembly path does not exist: 'C:\Program Files\dotnet\sdk\9.0.101\Microsoft.Bcl.AsyncInterfaces.dll', returning.
TpTrace Information: 0 : 20428, 1, 2024/12/17, 15:28:30.237, 7752280996688, vstest.console.dll, AssemblyResolver.OnResolve: Microsoft.Bcl.AsyncInterfaces: Assembly path does not exist: 'C:\Program Files\dotnet\sdk\9.0.101\Microsoft.Bcl.AsyncInterfaces.exe', returning.
TpTrace Information: 0 : 20428, 1, 2024/12/17, 15:28:30.237, 7752280997681, vstest.console.dll, AssemblyResolver.OnResolve: Microsoft.Bcl.AsyncInterfaces: Failed to load assembly.
TpTrace Verbose: 0 : 20428, 1, 2024/12/17, 15:28:30.237, 7752280999439, vstest.console.dll, CurrentDomainAssemblyResolve: Resolving assembly 'Microsoft.Bcl.AsyncInterfaces'.
TpTrace Information: 0 : 20428, 1, 2024/12/17, 15:28:30.237, 7752281000689, vstest.console.dll, AssemblyResolver.OnResolve: Microsoft.Bcl.AsyncInterfaces: Resolving assembly.
TpTrace Information: 0 : 20428, 1, 2024/12/17, 15:28:30.237, 7752281001830, vstest.console.dll, AssemblyResolver.OnResolve: Microsoft.Bcl.AsyncInterfaces: Resolved from cache.
TpTrace Verbose: 0 : 20428, 1, 2024/12/17, 15:28:30.237, 7752281002891, vstest.console.dll, CurrentDomainAssemblyResolve: Resolving assembly 'Microsoft.Bcl.AsyncInterfaces'.
TpTrace Verbose: 0 : 20428, 1, 2024/12/17, 15:28:30.237, 7752281004172, vstest.console.dll, CurrentDomainAssemblyResolve: Failed to resolve assembly 'Microsoft.Bcl.AsyncInterfaces'.
TpTrace Verbose: 0 : 20428, 1, 2024/12/17, 15:28:30.248, 7752281113040, vstest.console.dll, CurrentDomainAssemblyResolve: Failed to resolve assembly 'Microsoft.Bcl.AsyncInterfaces'.
TpTrace Warning: 0 : 20428, 1, 2024/12/17, 15:28:30.299, 7752281622556, vstest.console.dll, TestPluginDiscoverer: Failed to get types from assembly 'Microsoft.Diagnostics.NETCore.Client, Version=0.2.10.41601, Culture=neutral, PublicKeyToken=31bf3856ad364e35'. Error: System.Reflection.ReflectionTypeLoadException: Unable to load one or more of the requested types.
Could not load file or assembly 'Microsoft.Bcl.AsyncInterfaces, Version=6.0.0.0, Culture=neutral, PublicKeyToken=cc7b13ffcd2ddd51'. The system cannot find the file specified.
   at System.Reflection.RuntimeModule.GetDefinedTypes()
   at System.Reflection.RuntimeModule.GetTypes()
   at Microsoft.VisualStudio.TestPlatform.Common.ExtensionFramework.TestPluginDiscoverer.GetTestExtensionsFromAssembly[TPluginInfo,TExtension](Assembly assembly, Dictionary`2 pluginInfos, String filePath) in /_/src/Microsoft.TestPlatform.Common/ExtensionFramework/TestPluginDiscoverer.cs:line 159
System.IO.FileNotFoundException: Could not load file or assembly 'Microsoft.Bcl.AsyncInterfaces, Version=6.0.0.0, Culture=neutral, PublicKeyToken=cc7b13ffcd2ddd51'. The system cannot find the file specified.
File name: 'Microsoft.Bcl.AsyncInterfaces, Version=6.0.0.0, Culture=neutral, PublicKeyToken=cc7b13ffcd2ddd51'
 ---> System.IO.FileNotFoundException: Could not load file or assembly 'Microsoft.Bcl.AsyncInterfaces, Culture=neutral, PublicKeyToken=null'. The system cannot find the file specified.
File name: 'Microsoft.Bcl.AsyncInterfaces, Culture=neutral, PublicKeyToken=null'
   at System.Reflection.RuntimeAssembly.InternalLoad(AssemblyName assemblyName, StackCrawlMark& stackMark, AssemblyLoadContext assemblyLoadContext, RuntimeAssembly requestingAssembly, Boolean throwOnFileNotFound)
   at System.Reflection.Assembly.Load(AssemblyName assemblyRef)
   at Microsoft.VisualStudio.TestPlatform.Common.ExtensionFramework.TestPluginCache.CurrentDomainAssemblyResolve(Object sender, AssemblyResolveEventArgs args) in /_/src/Microsoft.TestPlatform.Common/ExtensionFramework/TestPluginCache.cs:line 514
   at System.Runtime.Loader.AssemblyLoadContext.GetFirstResolvedAssemblyFromResolvingEvent(AssemblyName assemblyName)
   at System.Runtime.Loader.AssemblyLoadContext.ResolveUsingEvent(AssemblyName assemblyName)
   at System.Runtime.Loader.AssemblyLoadContext.ResolveUsingResolvingEvent(IntPtr gchManagedAssemblyLoadContext, AssemblyName assemblyName)
TpTrace Warning: 0 : 20428, 1, 2024/12/17, 15:28:30.300, 7752281628472, vstest.console.dll, LoaderExceptions: System.IO.FileNotFoundException: Could not load file or assembly 'Microsoft.Bcl.AsyncInterfaces, Version=6.0.0.0, Culture=neutral, PublicKeyToken=cc7b13ffcd2ddd51'. The system cannot find the file specified.
File name: 'Microsoft.Bcl.AsyncInterfaces, Version=6.0.0.0, Culture=neutral, PublicKeyToken=cc7b13ffcd2ddd51'
 ---> System.IO.FileNotFoundException: Could not load file or assembly 'Microsoft.Bcl.AsyncInterfaces, Culture=neutral, PublicKeyToken=null'. The system cannot find the file specified.
File name: 'Microsoft.Bcl.AsyncInterfaces, Culture=neutral, PublicKeyToken=null'
   at System.Reflection.RuntimeAssembly.InternalLoad(AssemblyName assemblyName, StackCrawlMark& stackMark, AssemblyLoadContext assemblyLoadContext, RuntimeAssembly requestingAssembly, Boolean throwOnFileNotFound)
   at System.Reflection.Assembly.Load(AssemblyName assemblyRef)
   at Microsoft.VisualStudio.TestPlatform.Common.ExtensionFramework.TestPluginCache.CurrentDomainAssemblyResolve(Object sender, AssemblyResolveEventArgs args) in /_/src/Microsoft.TestPlatform.Common/ExtensionFramework/TestPluginCache.cs:line 514
   at System.Runtime.Loader.AssemblyLoadContext.GetFirstResolvedAssemblyFromResolvingEvent(AssemblyName assemblyName)
   at System.Runtime.Loader.AssemblyLoadContext.ResolveUsingEvent(AssemblyName assemblyName)
   at System.Runtime.Loader.AssemblyLoadContext.ResolveUsingResolvingEvent(IntPtr gchManagedAssemblyLoadContext, AssemblyName assemblyName)
TpTrace Information: 0 : 20428, 1, 2024/12/17, 15:28:30.300, 7752281631101, vstest.console.dll, AssemblyResolver.OnResolve: Microsoft.TestPlatform.Extensions.BlameDataCollector: Resolving assembly.
TpTrace Information: 0 : 20428, 1, 2024/12/17, 15:28:30.300, 7752281631940, vstest.console.dll, AssemblyResolver.OnResolve: Microsoft.TestPlatform.Extensions.BlameDataCollector: Searching in: 'C:\Program Files\dotnet\sdk\9.0.101\Extensions'.
TpTrace Information: 0 : 20428, 1, 2024/12/17, 15:28:30.303, 7752281662728, vstest.console.dll, AssemblyResolver.OnResolve: Microsoft.TestPlatform.Extensions.BlameDataCollector: Loading assembly 'C:\Program Files\dotnet\sdk\9.0.101\Extensions\Microsoft.TestPlatform.Extensions.BlameDataCollector.dll'.
TpTrace Information: 0 : 20428, 1, 2024/12/17, 15:28:30.307, 7752281696941, vstest.console.dll, AssemblyResolver.OnResolve: Resolved assembly: Microsoft.TestPlatform.Extensions.BlameDataCollector, from path: C:\Program Files\dotnet\sdk\9.0.101\Extensions\Microsoft.TestPlatform.Extensions.BlameDataCollector.dll
TpTrace Verbose: 0 : 20428, 1, 2024/12/17, 15:28:30.307, 7752281699375, vstest.console.dll, MetadataReaderExtensionsHelper: Discovering extensions inside assembly 'Microsoft.TestPlatform.Extensions.BlameDataCollector, Version=15.0.0.0, Culture=neutral, PublicKeyToken=b03f5f7f11d50a3a' file path 'C:\Program Files\dotnet\sdk\9.0.101\Extensions\Microsoft.TestPlatform.Extensions.BlameDataCollector.dll'
TpTrace Information: 0 : 20428, 1, 2024/12/17, 15:28:30.312, 7752281752418, vstest.console.dll, AssemblyResolver.OnResolve: Microsoft.TestPlatform.Extensions.EventLogCollector: Resolving assembly.
TpTrace Information: 0 : 20428, 1, 2024/12/17, 15:28:30.312, 7752281753618, vstest.console.dll, AssemblyResolver.OnResolve: Microsoft.TestPlatform.Extensions.EventLogCollector: Searching in: 'C:\Program Files\dotnet\sdk\9.0.101\Extensions'.
TpTrace Information: 0 : 20428, 1, 2024/12/17, 15:28:30.314, 7752281772384, vstest.console.dll, AssemblyResolver.OnResolve: Microsoft.TestPlatform.Extensions.EventLogCollector: Loading assembly 'C:\Program Files\dotnet\sdk\9.0.101\Extensions\Microsoft.TestPlatform.Extensions.EventLogCollector.dll'.
TpTrace Information: 0 : 20428, 1, 2024/12/17, 15:28:30.316, 7752281795571, vstest.console.dll, AssemblyResolver.OnResolve: Resolved assembly: Microsoft.TestPlatform.Extensions.EventLogCollector, from path: C:\Program Files\dotnet\sdk\9.0.101\Extensions\Microsoft.TestPlatform.Extensions.EventLogCollector.dll
TpTrace Verbose: 0 : 20428, 1, 2024/12/17, 15:28:30.317, 7752281797694, vstest.console.dll, MetadataReaderExtensionsHelper: Discovering extensions inside assembly 'Microsoft.TestPlatform.Extensions.EventLogCollector, Version=15.0.0.0, Culture=neutral, PublicKeyToken=b03f5f7f11d50a3a' file path 'C:\Program Files\dotnet\sdk\9.0.101\Extensions\Microsoft.TestPlatform.Extensions.EventLogCollector.dll'
TpTrace Information: 0 : 20428, 1, 2024/12/17, 15:28:30.325, 7752281877583, vstest.console.dll, AssemblyResolver.OnResolve: Microsoft.TestPlatform.TestHostRuntimeProvider: Resolving assembly.
TpTrace Information: 0 : 20428, 1, 2024/12/17, 15:28:30.325, 7752281879391, vstest.console.dll, AssemblyResolver.OnResolve: Microsoft.TestPlatform.TestHostRuntimeProvider: Searching in: 'C:\Program Files\dotnet\sdk\9.0.101\Extensions'.
TpTrace Information: 0 : 20428, 1, 2024/12/17, 15:28:30.328, 7752281909157, vstest.console.dll, AssemblyResolver.OnResolve: Microsoft.TestPlatform.TestHostRuntimeProvider: Loading assembly 'C:\Program Files\dotnet\sdk\9.0.101\Extensions\Microsoft.TestPlatform.TestHostRuntimeProvider.dll'.
TpTrace Information: 0 : 20428, 1, 2024/12/17, 15:28:30.331, 7752281941161, vstest.console.dll, AssemblyResolver.OnResolve: Resolved assembly: Microsoft.TestPlatform.TestHostRuntimeProvider, from path: C:\Program Files\dotnet\sdk\9.0.101\Extensions\Microsoft.TestPlatform.TestHostRuntimeProvider.dll
TpTrace Verbose: 0 : 20428, 1, 2024/12/17, 15:28:30.331, 7752281942832, vstest.console.dll, MetadataReaderExtensionsHelper: Discovering extensions inside assembly 'Microsoft.TestPlatform.TestHostRuntimeProvider, Version=15.0.0.0, Culture=neutral, PublicKeyToken=b03f5f7f11d50a3a' file path 'C:\Program Files\dotnet\sdk\9.0.101\Extensions\Microsoft.TestPlatform.TestHostRuntimeProvider.dll'
TpTrace Information: 0 : 20428, 1, 2024/12/17, 15:28:30.335, 7752281984632, vstest.console.dll, GetTestExtensionFromType: Register extension with identifier data 'HostProvider://DefaultTestHost' and type 'Microsoft.VisualStudio.TestPlatform.CrossPlatEngine.Hosting.DefaultTestHostManager, Microsoft.TestPlatform.TestHostRuntimeProvider, Version=15.0.0.0, Culture=neutral, PublicKeyToken=b03f5f7f11d50a3a' inside file 'C:\Program Files\dotnet\sdk\9.0.101\Extensions\Microsoft.TestPlatform.TestHostRuntimeProvider.dll'
TpTrace Information: 0 : 20428, 1, 2024/12/17, 15:28:30.336, 7752281991253, vstest.console.dll, GetTestExtensionFromType: Register extension with identifier data 'HostProvider://DotnetTestHost' and type 'Microsoft.VisualStudio.TestPlatform.CrossPlatEngine.Hosting.DotnetTestHostManager, Microsoft.TestPlatform.TestHostRuntimeProvider, Version=15.0.0.0, Culture=neutral, PublicKeyToken=b03f5f7f11d50a3a' inside file 'C:\Program Files\dotnet\sdk\9.0.101\Extensions\Microsoft.TestPlatform.TestHostRuntimeProvider.dll'
TpTrace Information: 0 : 20428, 1, 2024/12/17, 15:28:30.336, 7752281993131, vstest.console.dll, AssemblyResolver.OnResolve: Microsoft.VisualStudio.TestPlatform.Extensions.Html.TestLogger: Resolving assembly.
TpTrace Information: 0 : 20428, 1, 2024/12/17, 15:28:30.336, 7752281993913, vstest.console.dll, AssemblyResolver.OnResolve: Microsoft.VisualStudio.TestPlatform.Extensions.Html.TestLogger: Searching in: 'C:\Program Files\dotnet\sdk\9.0.101\Extensions'.
TpTrace Information: 0 : 20428, 1, 2024/12/17, 15:28:30.339, 7752282023004, vstest.console.dll, AssemblyResolver.OnResolve: Microsoft.VisualStudio.TestPlatform.Extensions.Html.TestLogger: Loading assembly 'C:\Program Files\dotnet\sdk\9.0.101\Extensions\Microsoft.VisualStudio.TestPlatform.Extensions.Html.TestLogger.dll'.
TpTrace Information: 0 : 20428, 1, 2024/12/17, 15:28:30.342, 7752282055307, vstest.console.dll, AssemblyResolver.OnResolve: Resolved assembly: Microsoft.VisualStudio.TestPlatform.Extensions.Html.TestLogger, from path: C:\Program Files\dotnet\sdk\9.0.101\Extensions\Microsoft.VisualStudio.TestPlatform.Extensions.Html.TestLogger.dll
TpTrace Verbose: 0 : 20428, 1, 2024/12/17, 15:28:30.343, 7752282064729, vstest.console.dll, MetadataReaderExtensionsHelper: Discovering extensions inside assembly 'Microsoft.VisualStudio.TestPlatform.Extensions.Html.TestLogger, Version=15.0.0.0, Culture=neutral, PublicKeyToken=b03f5f7f11d50a3a' file path 'C:\Program Files\dotnet\sdk\9.0.101\Extensions\Microsoft.VisualStudio.TestPlatform.Extensions.Html.TestLogger.dll'
TpTrace Information: 0 : 20428, 1, 2024/12/17, 15:28:30.347, 7752282096241, vstest.console.dll, AssemblyResolver.OnResolve: Microsoft.VisualStudio.TestPlatform.Extensions.Trx.TestLogger: Resolving assembly.
TpTrace Information: 0 : 20428, 1, 2024/12/17, 15:28:30.347, 7752282098068, vstest.console.dll, AssemblyResolver.OnResolve: Microsoft.VisualStudio.TestPlatform.Extensions.Trx.TestLogger: Searching in: 'C:\Program Files\dotnet\sdk\9.0.101\Extensions'.
TpTrace Information: 0 : 20428, 1, 2024/12/17, 15:28:30.351, 7752282140365, vstest.console.dll, AssemblyResolver.OnResolve: Microsoft.VisualStudio.TestPlatform.Extensions.Trx.TestLogger: Loading assembly 'C:\Program Files\dotnet\sdk\9.0.101\Extensions\Microsoft.VisualStudio.TestPlatform.Extensions.Trx.TestLogger.dll'.
TpTrace Information: 0 : 20428, 1, 2024/12/17, 15:28:30.356, 7752282194325, vstest.console.dll, AssemblyResolver.OnResolve: Resolved assembly: Microsoft.VisualStudio.TestPlatform.Extensions.Trx.TestLogger, from path: C:\Program Files\dotnet\sdk\9.0.101\Extensions\Microsoft.VisualStudio.TestPlatform.Extensions.Trx.TestLogger.dll
TpTrace Verbose: 0 : 20428, 1, 2024/12/17, 15:28:30.357, 7752282197182, vstest.console.dll, MetadataReaderExtensionsHelper: Discovering extensions inside assembly 'Microsoft.VisualStudio.TestPlatform.Extensions.Trx.TestLogger, Version=15.0.0.0, Culture=neutral, PublicKeyToken=b03f5f7f11d50a3a' file path 'C:\Program Files\dotnet\sdk\9.0.101\Extensions\Microsoft.VisualStudio.TestPlatform.Extensions.Trx.TestLogger.dll'
TpTrace Verbose: 0 : 20428, 1, 2024/12/17, 15:28:30.375, 7752282377591, vstest.console.dll, TestPluginCache: Discovered the extensions using extension path ''.
TpTrace Verbose: 0 : 20428, 1, 2024/12/17, 15:28:30.375, 7752282379937, vstest.console.dll, TestPluginCache: Discoverers are ''.
TpTrace Verbose: 0 : 20428, 1, 2024/12/17, 15:28:30.375, 7752282380580, vstest.console.dll, TestPluginCache: Executors are ''.
TpTrace Verbose: 0 : 20428, 1, 2024/12/17, 15:28:30.375, 7752282381324, vstest.console.dll, TestPluginCache: Executors2 are ''.
TpTrace Verbose: 0 : 20428, 1, 2024/12/17, 15:28:30.375, 7752282381881, vstest.console.dll, TestPluginCache: Setting providers are ''.
TpTrace Verbose: 0 : 20428, 1, 2024/12/17, 15:28:30.375, 7752282382437, vstest.console.dll, TestPluginCache: Loggers are ''.
TpTrace Verbose: 0 : 20428, 1, 2024/12/17, 15:28:30.375, 7752282385354, vstest.console.dll, TestPluginCache: TestHosts are 'HostProvider://DefaultTestHost,HostProvider://DotnetTestHost'.
TpTrace Verbose: 0 : 20428, 1, 2024/12/17, 15:28:30.376, 7752282395436, vstest.console.dll, TestPluginCache: DataCollectors are ''.
TpTrace Information: 0 : 20428, 1, 2024/12/17, 15:28:30.446, 7752283094893, vstest.console.dll, RunTestsArgumentProcessor:Execute: Test run is starting.
TpTrace Verbose: 0 : 20428, 1, 2024/12/17, 15:28:30.447, 7752283096460, vstest.console.dll, RunTestsArgumentProcessor:Execute: Queuing Test run.
TpTrace Information: 0 : 20428, 1, 2024/12/17, 15:28:30.447, 7752283100207, vstest.console.dll, TestRequestManager.RunTests: run tests started.
TpTrace Information: 0 : 20428, 1, 2024/12/17, 15:28:30.665, 7752285279405, vstest.console.dll, AssemblyMetadataProvider.GetFrameworkName: Determined framework:'.NETCoreApp,Version=v8.0' for source: 'C:\Users\Administrator\Desktop\.NET Training\Day6\ProductMicroservice\ProductServiceTest\bin\Debug\net8.0\fine-code-coverage\build-output\ProductServiceTest.dll'
TpTrace Information: 0 : 20428, 1, 2024/12/17, 15:28:30.665, 7752285283985, vstest.console.dll, Determined framework for all sources: .NETCoreApp,Version=v8.0
TpTrace Verbose: 0 : 20428, 1, 2024/12/17, 15:28:30.666, 7752285290980, vstest.console.dll, TestRequestManager.UpdateRunSettingsIfRequired: Default architecture: X64 IsDefaultTargetArchitecture: True, Current process architecture: X64 OperatingSystem: Windows.
TpTrace Information: 0 : 20428, 1, 2024/12/17, 15:28:30.668, 7752285315747, vstest.console.dll, AssemblyMetadataProvider.GetArchitecture: Determined architecture:AnyCPU info for assembly: C:\Users\Administrator\Desktop\.NET Training\Day6\ProductMicroservice\ProductServiceTest\bin\Debug\net8.0\fine-code-coverage\build-output\ProductServiceTest.dll
TpTrace Information: 0 : 20428, 1, 2024/12/17, 15:28:30.669, 7752285316806, vstest.console.dll, Determined platform for source 'C:\Users\Administrator\Desktop\.NET Training\Day6\ProductMicroservice\ProductServiceTest\bin\Debug\net8.0\fine-code-coverage\build-output\ProductServiceTest.dll' was AnyCPU and it will use the default plaform X64.
TpTrace Information: 0 : 20428, 1, 2024/12/17, 15:28:30.669, 7752285317887, vstest.console.dll, None of the sources provided any runnable platform, using the default platform: X64
TpTrace Information: 0 : 20428, 1, 2024/12/17, 15:28:30.669, 7752285320016, vstest.console.dll, Platform was updated to 'X64'.
TpTrace Information: 0 : 20428, 1, 2024/12/17, 15:28:30.724, 7752285867811, vstest.console.dll, InferRunSettingsHelper.IsTestSettingsEnabled: Unable to navigate to RunSettings/MSTest. Current node: RunSettings
TpTrace Information: 0 : 20428, 1, 2024/12/17, 15:28:30.725, 7752285880581, vstest.console.dll, AssemblyResolver.OnResolve: Microsoft.VisualStudio.TestPlatform.Fakes: Resolving assembly.
TpTrace Information: 0 : 20428, 1, 2024/12/17, 15:28:30.725, 7752285881976, vstest.console.dll, AssemblyResolver.OnResolve: Microsoft.VisualStudio.TestPlatform.Fakes: Searching in: 'C:\Program Files\dotnet\sdk\9.0.101\Extensions'.
TpTrace Information: 0 : 20428, 1, 2024/12/17, 15:28:30.725, 7752285883948, vstest.console.dll, AssemblyResolver.OnResolve: Microsoft.VisualStudio.TestPlatform.Fakes: Assembly path does not exist: 'C:\Program Files\dotnet\sdk\9.0.101\Extensions\Microsoft.VisualStudio.TestPlatform.Fakes.dll', returning.
TpTrace Information: 0 : 20428, 1, 2024/12/17, 15:28:30.725, 7752285885067, vstest.console.dll, AssemblyResolver.OnResolve: Microsoft.VisualStudio.TestPlatform.Fakes: Assembly path does not exist: 'C:\Program Files\dotnet\sdk\9.0.101\Extensions\Microsoft.VisualStudio.TestPlatform.Fakes.exe', returning.
TpTrace Information: 0 : 20428, 1, 2024/12/17, 15:28:30.725, 7752285885734, vstest.console.dll, AssemblyResolver.OnResolve: Microsoft.VisualStudio.TestPlatform.Fakes: Searching in: 'C:\Program Files\dotnet\sdk\9.0.101'.
TpTrace Information: 0 : 20428, 1, 2024/12/17, 15:28:30.726, 7752285948112, vstest.console.dll, AssemblyResolver.OnResolve: Microsoft.VisualStudio.TestPlatform.Fakes: Assembly path does not exist: 'C:\Program Files\dotnet\sdk\9.0.101\Microsoft.VisualStudio.TestPlatform.Fakes.dll', returning.
TpTrace Information: 0 : 20428, 1, 2024/12/17, 15:28:30.732, 7752285954963, vstest.console.dll, AssemblyResolver.OnResolve: Microsoft.VisualStudio.TestPlatform.Fakes: Assembly path does not exist: 'C:\Program Files\dotnet\sdk\9.0.101\Microsoft.VisualStudio.TestPlatform.Fakes.exe', returning.
TpTrace Information: 0 : 20428, 1, 2024/12/17, 15:28:30.733, 7752285956106, vstest.console.dll, AssemblyResolver.OnResolve: Microsoft.VisualStudio.TestPlatform.Fakes: Failed to load assembly.
TpTrace Information: 0 : 20428, 1, 2024/12/17, 15:28:30.733, 7752285962741, vstest.console.dll, Failed to load assembly Microsoft.VisualStudio.TestPlatform.Fakes, Version=17.0.0.0, Culture=neutral. Reason:System.IO.FileNotFoundException: Could not load file or assembly 'Microsoft.VisualStudio.TestPlatform.Fakes, Version=17.0.0.0, Culture=neutral, PublicKeyToken=null'. The system cannot find the file specified.
File name: 'Microsoft.VisualStudio.TestPlatform.Fakes, Version=17.0.0.0, Culture=neutral, PublicKeyToken=null'
   at System.Reflection.RuntimeAssembly.InternalLoad(AssemblyName assemblyName, StackCrawlMark& stackMark, AssemblyLoadContext assemblyLoadContext, RuntimeAssembly requestingAssembly, Boolean throwOnFileNotFound)
   at System.Reflection.Assembly.Load(AssemblyName assemblyRef)
   at Microsoft.VisualStudio.TestPlatform.Common.Utilities.FakesUtilities.LoadTestPlatformAssembly() in /_/src/Microsoft.TestPlatform.Common/Utilities/FakesUtilities.cs:line 273
TpTrace Verbose: 0 : 20428, 1, 2024/12/17, 15:28:30.766, 7752286288396, vstest.console.dll, TestPluginCache.DiscoverTestExtensions: finding test extensions in assemblies ends with: TestLogger.dll TPluginInfo: Microsoft.VisualStudio.TestPlatform.Common.ExtensionFramework.Utilities.TestLoggerPluginInformation TExtension: Microsoft.VisualStudio.TestPlatform.ObjectModel.Client.ITestLogger
TpTrace Verbose: 0 : 20428, 1, 2024/12/17, 15:28:30.766, 7752286290990, vstest.console.dll, TestPluginCache.GetExtensionPaths: Filtered extension paths: 
TpTrace Verbose: 0 : 20428, 1, 2024/12/17, 15:28:30.766, 7752286291754, vstest.console.dll, TestPluginCache.GetExtensionPaths: Added default extension paths: C:\Program Files\dotnet\sdk\9.0.101\Extensions\Microsoft.Diagnostics.NETCore.Client.dll
C:\Program Files\dotnet\sdk\9.0.101\Extensions\Microsoft.TestPlatform.Extensions.BlameDataCollector.dll
C:\Program Files\dotnet\sdk\9.0.101\Extensions\Microsoft.TestPlatform.Extensions.EventLogCollector.dll
C:\Program Files\dotnet\sdk\9.0.101\Extensions\Microsoft.TestPlatform.TestHostRuntimeProvider.dll
C:\Program Files\dotnet\sdk\9.0.101\Extensions\Microsoft.VisualStudio.TestPlatform.Extensions.Html.TestLogger.dll
C:\Program Files\dotnet\sdk\9.0.101\Extensions\Microsoft.VisualStudio.TestPlatform.Extensions.Trx.TestLogger.dll
TpTrace Verbose: 0 : 20428, 1, 2024/12/17, 15:28:30.766, 7752286292565, vstest.console.dll, TestPluginCache.GetExtensionPaths: Added unfilterableExtensionPaths: 
TpTrace Information: 0 : 20428, 1, 2024/12/17, 15:28:30.767, 7752286296664, vstest.console.dll, AssemblyResolver.AddSearchDirectories: Adding more searchDirectories C:\Program Files\dotnet\sdk\9.0.101\Extensions,C:\Program Files\dotnet\sdk\9.0.101
TpTrace Verbose: 0 : 20428, 1, 2024/12/17, 15:28:30.767, 7752286298857, vstest.console.dll, TestPluginCache.DiscoverTestExtensions: Discovering the extensions using extension path.
TpTrace Verbose: 0 : 20428, 1, 2024/12/17, 15:28:30.767, 7752286302036, vstest.console.dll, TestPluginCache.GetExtensionPaths: Filtered extension paths: 
TpTrace Verbose: 0 : 20428, 1, 2024/12/17, 15:28:30.767, 7752286355292, vstest.console.dll, TestPluginCache.GetExtensionPaths: Added default extension paths: C:\Program Files\dotnet\sdk\9.0.101\Extensions\Microsoft.Diagnostics.NETCore.Client.dll
C:\Program Files\dotnet\sdk\9.0.101\Extensions\Microsoft.TestPlatform.Extensions.BlameDataCollector.dll
C:\Program Files\dotnet\sdk\9.0.101\Extensions\Microsoft.TestPlatform.Extensions.EventLogCollector.dll
C:\Program Files\dotnet\sdk\9.0.101\Extensions\Microsoft.TestPlatform.TestHostRuntimeProvider.dll
C:\Program Files\dotnet\sdk\9.0.101\Extensions\Microsoft.VisualStudio.TestPlatform.Extensions.Html.TestLogger.dll
C:\Program Files\dotnet\sdk\9.0.101\Extensions\Microsoft.VisualStudio.TestPlatform.Extensions.Trx.TestLogger.dll
TpTrace Verbose: 0 : 20428, 1, 2024/12/17, 15:28:30.774, 7752286368486, vstest.console.dll, TestPluginCache.GetExtensionPaths: Added unfilterableExtensionPaths: 
TpTrace Verbose: 0 : 20428, 1, 2024/12/17, 15:28:30.774, 7752286370007, vstest.console.dll, TestPluginCache.DiscoverTestExtensions: Discovering the extensions using allExtensionPaths: C:\Program Files\dotnet\sdk\9.0.101\Extensions\Microsoft.Diagnostics.NETCore.Client.dll
C:\Program Files\dotnet\sdk\9.0.101\Extensions\Microsoft.TestPlatform.Extensions.BlameDataCollector.dll
C:\Program Files\dotnet\sdk\9.0.101\Extensions\Microsoft.TestPlatform.Extensions.EventLogCollector.dll
C:\Program Files\dotnet\sdk\9.0.101\Extensions\Microsoft.TestPlatform.TestHostRuntimeProvider.dll
C:\Program Files\dotnet\sdk\9.0.101\Extensions\Microsoft.VisualStudio.TestPlatform.Extensions.Html.TestLogger.dll
C:\Program Files\dotnet\sdk\9.0.101\Extensions\Microsoft.VisualStudio.TestPlatform.Extensions.Trx.TestLogger.dll
TpTrace Information: 0 : 20428, 1, 2024/12/17, 15:28:30.775, 7752286383018, vstest.console.dll, AssemblyResolver.AddSearchDirectories: Adding more searchDirectories C:\Program Files\dotnet\sdk\9.0.101\Extensions,C:\Program Files\dotnet\sdk\9.0.101
TpTrace Information: 0 : 20428, 1, 2024/12/17, 15:28:30.776, 7752286393487, vstest.console.dll, AssemblyResolver.AddSearchDirectories: Adding more searchDirectories C:\Program Files\dotnet\sdk\9.0.101\Extensions,C:\Program Files\dotnet\sdk\9.0.101
TpTrace Information: 0 : 20428, 1, 2024/12/17, 15:28:30.777, 7752286403463, vstest.console.dll, AssemblyResolver.AddSearchDirectories: Adding more searchDirectories C:\Program Files\dotnet\sdk\9.0.101\Extensions,C:\Program Files\dotnet\sdk\9.0.101
TpTrace Information: 0 : 20428, 1, 2024/12/17, 15:28:30.778, 7752286409270, vstest.console.dll, AssemblyResolver.AddSearchDirectories: Adding more searchDirectories C:\Program Files\dotnet\sdk\9.0.101\Extensions,C:\Program Files\dotnet\sdk\9.0.101
TpTrace Information: 0 : 20428, 1, 2024/12/17, 15:28:30.778, 7752286410284, vstest.console.dll, AssemblyResolver.AddSearchDirectories: Adding more searchDirectories C:\Program Files\dotnet\sdk\9.0.101\Extensions,C:\Program Files\dotnet\sdk\9.0.101
TpTrace Information: 0 : 20428, 1, 2024/12/17, 15:28:30.796, 7752286593884, vstest.console.dll, AssemblyResolver.AddSearchDirectories: Adding more searchDirectories C:\Program Files\dotnet\sdk\9.0.101\Extensions,C:\Program Files\dotnet\sdk\9.0.101
TpTrace Verbose: 0 : 20428, 1, 2024/12/17, 15:28:30.797, 7752286597124, vstest.console.dll, MetadataReaderExtensionsHelper: Discovering extensions inside assembly 'Microsoft.Diagnostics.NETCore.Client, Version=0.2.10.41601, Culture=neutral, PublicKeyToken=31bf3856ad364e35' file path 'C:\Program Files\dotnet\sdk\9.0.101\Extensions\Microsoft.Diagnostics.NETCore.Client.dll'
TpTrace Information: 0 : 20428, 1, 2024/12/17, 15:28:30.801, 7752286639045, vstest.console.dll, AssemblyResolver.OnResolve: Microsoft.Bcl.AsyncInterfaces: Resolving assembly.
TpTrace Information: 0 : 20428, 1, 2024/12/17, 15:28:30.801, 7752286641136, vstest.console.dll, AssemblyResolver.OnResolve: Microsoft.Bcl.AsyncInterfaces: Resolved from cache.
TpTrace Verbose: 0 : 20428, 1, 2024/12/17, 15:28:30.801, 7752286642855, vstest.console.dll, CurrentDomainAssemblyResolve: Resolving assembly 'Microsoft.Bcl.AsyncInterfaces'.
TpTrace Information: 0 : 20428, 1, 2024/12/17, 15:28:30.801, 7752286644651, vstest.console.dll, AssemblyResolver.OnResolve: Microsoft.Bcl.AsyncInterfaces: Resolving assembly.
TpTrace Information: 0 : 20428, 1, 2024/12/17, 15:28:30.802, 7752286645904, vstest.console.dll, AssemblyResolver.OnResolve: Microsoft.Bcl.AsyncInterfaces: Resolved from cache.
TpTrace Verbose: 0 : 20428, 1, 2024/12/17, 15:28:30.802, 7752286647245, vstest.console.dll, CurrentDomainAssemblyResolve: Resolving assembly 'Microsoft.Bcl.AsyncInterfaces'.
TpTrace Verbose: 0 : 20428, 1, 2024/12/17, 15:28:30.802, 7752286648312, vstest.console.dll, CurrentDomainAssemblyResolve: Failed to resolve assembly 'Microsoft.Bcl.AsyncInterfaces'.
TpTrace Verbose: 0 : 20428, 1, 2024/12/17, 15:28:30.802, 7752286651472, vstest.console.dll, CurrentDomainAssemblyResolve: Failed to resolve assembly 'Microsoft.Bcl.AsyncInterfaces'.
TpTrace Warning: 0 : 20428, 1, 2024/12/17, 15:28:30.803, 7752286661619, vstest.console.dll, TestPluginDiscoverer: Failed to get types from assembly 'Microsoft.Diagnostics.NETCore.Client, Version=0.2.10.41601, Culture=neutral, PublicKeyToken=31bf3856ad364e35'. Error: System.Reflection.ReflectionTypeLoadException: Unable to load one or more of the requested types.
Could not load file or assembly 'Microsoft.Bcl.AsyncInterfaces, Version=6.0.0.0, Culture=neutral, PublicKeyToken=cc7b13ffcd2ddd51'. The system cannot find the file specified.
   at System.Reflection.RuntimeModule.GetDefinedTypes()
   at System.Reflection.RuntimeModule.GetTypes()
   at Microsoft.VisualStudio.TestPlatform.Common.ExtensionFramework.TestPluginDiscoverer.GetTestExtensionsFromAssembly[TPluginInfo,TExtension](Assembly assembly, Dictionary`2 pluginInfos, String filePath) in /_/src/Microsoft.TestPlatform.Common/ExtensionFramework/TestPluginDiscoverer.cs:line 159
System.IO.FileNotFoundException: Could not load file or assembly 'Microsoft.Bcl.AsyncInterfaces, Version=6.0.0.0, Culture=neutral, PublicKeyToken=cc7b13ffcd2ddd51'. The system cannot find the file specified.
File name: 'Microsoft.Bcl.AsyncInterfaces, Version=6.0.0.0, Culture=neutral, PublicKeyToken=cc7b13ffcd2ddd51'
 ---> System.IO.FileNotFoundException: Could not load file or assembly 'Microsoft.Bcl.AsyncInterfaces, Culture=neutral, PublicKeyToken=null'. The system cannot find the file specified.
File name: 'Microsoft.Bcl.AsyncInterfaces, Culture=neutral, PublicKeyToken=null'
   at System.Reflection.RuntimeAssembly.InternalLoad(AssemblyName assemblyName, StackCrawlMark& stackMark, AssemblyLoadContext assemblyLoadContext, RuntimeAssembly requestingAssembly, Boolean throwOnFileNotFound)
   at System.Reflection.Assembly.Load(AssemblyName assemblyRef)
   at Microsoft.VisualStudio.TestPlatform.Common.ExtensionFramework.TestPluginCache.CurrentDomainAssemblyResolve(Object sender, AssemblyResolveEventArgs args) in /_/src/Microsoft.TestPlatform.Common/ExtensionFramework/TestPluginCache.cs:line 514
   at System.Runtime.Loader.AssemblyLoadContext.GetFirstResolvedAssemblyFromResolvingEvent(AssemblyName assemblyName)
   at System.Runtime.Loader.AssemblyLoadContext.ResolveUsingEvent(AssemblyName assemblyName)
   at System.Runtime.Loader.AssemblyLoadContext.ResolveUsingResolvingEvent(IntPtr gchManagedAssemblyLoadContext, AssemblyName assemblyName)
TpTrace Warning: 0 : 20428, 1, 2024/12/17, 15:28:30.804, 7752286668569, vstest.console.dll, LoaderExceptions: System.IO.FileNotFoundException: Could not load file or assembly 'Microsoft.Bcl.AsyncInterfaces, Version=6.0.0.0, Culture=neutral, PublicKeyToken=cc7b13ffcd2ddd51'. The system cannot find the file specified.
File name: 'Microsoft.Bcl.AsyncInterfaces, Version=6.0.0.0, Culture=neutral, PublicKeyToken=cc7b13ffcd2ddd51'
 ---> System.IO.FileNotFoundException: Could not load file or assembly 'Microsoft.Bcl.AsyncInterfaces, Culture=neutral, PublicKeyToken=null'. The system cannot find the file specified.
File name: 'Microsoft.Bcl.AsyncInterfaces, Culture=neutral, PublicKeyToken=null'
   at System.Reflection.RuntimeAssembly.InternalLoad(AssemblyName assemblyName, StackCrawlMark& stackMark, AssemblyLoadContext assemblyLoadContext, RuntimeAssembly requestingAssembly, Boolean throwOnFileNotFound)
   at System.Reflection.Assembly.Load(AssemblyName assemblyRef)
   at Microsoft.VisualStudio.TestPlatform.Common.ExtensionFramework.TestPluginCache.CurrentDomainAssemblyResolve(Object sender, AssemblyResolveEventArgs args) in /_/src/Microsoft.TestPlatform.Common/ExtensionFramework/TestPluginCache.cs:line 514
   at System.Runtime.Loader.AssemblyLoadContext.GetFirstResolvedAssemblyFromResolvingEvent(AssemblyName assemblyName)
   at System.Runtime.Loader.AssemblyLoadContext.ResolveUsingEvent(AssemblyName assemblyName)
   at System.Runtime.Loader.AssemblyLoadContext.ResolveUsingResolvingEvent(IntPtr gchManagedAssemblyLoadContext, AssemblyName assemblyName)
TpTrace Verbose: 0 : 20428, 1, 2024/12/17, 15:28:30.804, 7752286671350, vstest.console.dll, MetadataReaderExtensionsHelper: Discovering extensions inside assembly 'Microsoft.TestPlatform.Extensions.BlameDataCollector, Version=15.0.0.0, Culture=neutral, PublicKeyToken=b03f5f7f11d50a3a' file path 'C:\Program Files\dotnet\sdk\9.0.101\Extensions\Microsoft.TestPlatform.Extensions.BlameDataCollector.dll'
TpTrace Information: 0 : 20428, 1, 2024/12/17, 15:28:30.805, 7752286685204, vstest.console.dll, GetTestExtensionFromType: Register extension with identifier data 'logger://Microsoft/TestPlatform/Extensions/Blame/v1' and type 'Microsoft.TestPlatform.Extensions.BlameDataCollector.BlameLogger, Microsoft.TestPlatform.Extensions.BlameDataCollector, Version=15.0.0.0, Culture=neutral, PublicKeyToken=b03f5f7f11d50a3a' inside file 'C:\Program Files\dotnet\sdk\9.0.101\Extensions\Microsoft.TestPlatform.Extensions.BlameDataCollector.dll'
TpTrace Verbose: 0 : 20428, 1, 2024/12/17, 15:28:30.806, 7752286686663, vstest.console.dll, MetadataReaderExtensionsHelper: Discovering extensions inside assembly 'Microsoft.TestPlatform.Extensions.EventLogCollector, Version=15.0.0.0, Culture=neutral, PublicKeyToken=b03f5f7f11d50a3a' file path 'C:\Program Files\dotnet\sdk\9.0.101\Extensions\Microsoft.TestPlatform.Extensions.EventLogCollector.dll'
TpTrace Verbose: 0 : 20428, 1, 2024/12/17, 15:28:30.806, 7752286694995, vstest.console.dll, MetadataReaderExtensionsHelper: Discovering extensions inside assembly 'Microsoft.TestPlatform.TestHostRuntimeProvider, Version=15.0.0.0, Culture=neutral, PublicKeyToken=b03f5f7f11d50a3a' file path 'C:\Program Files\dotnet\sdk\9.0.101\Extensions\Microsoft.TestPlatform.TestHostRuntimeProvider.dll'
TpTrace Verbose: 0 : 20428, 1, 2024/12/17, 15:28:30.807, 7752286702822, vstest.console.dll, MetadataReaderExtensionsHelper: Discovering extensions inside assembly 'Microsoft.VisualStudio.TestPlatform.Extensions.Html.TestLogger, Version=15.0.0.0, Culture=neutral, PublicKeyToken=b03f5f7f11d50a3a' file path 'C:\Program Files\dotnet\sdk\9.0.101\Extensions\Microsoft.VisualStudio.TestPlatform.Extensions.Html.TestLogger.dll'
TpTrace Information: 0 : 20428, 1, 2024/12/17, 15:28:30.810, 7752286728754, vstest.console.dll, GetTestExtensionFromType: Register extension with identifier data 'logger://Microsoft/TestPlatform/HtmlLogger/v1' and type 'Microsoft.VisualStudio.TestPlatform.Extensions.HtmlLogger.HtmlLogger, Microsoft.VisualStudio.TestPlatform.Extensions.Html.TestLogger, Version=15.0.0.0, Culture=neutral, PublicKeyToken=b03f5f7f11d50a3a' inside file 'C:\Program Files\dotnet\sdk\9.0.101\Extensions\Microsoft.VisualStudio.TestPlatform.Extensions.Html.TestLogger.dll'
TpTrace Verbose: 0 : 20428, 1, 2024/12/17, 15:28:30.810, 7752286730269, vstest.console.dll, MetadataReaderExtensionsHelper: Discovering extensions inside assembly 'Microsoft.VisualStudio.TestPlatform.Extensions.Trx.TestLogger, Version=15.0.0.0, Culture=neutral, PublicKeyToken=b03f5f7f11d50a3a' file path 'C:\Program Files\dotnet\sdk\9.0.101\Extensions\Microsoft.VisualStudio.TestPlatform.Extensions.Trx.TestLogger.dll'
TpTrace Information: 0 : 20428, 1, 2024/12/17, 15:28:30.835, 7752286981115, vstest.console.dll, GetTestExtensionFromType: Register extension with identifier data 'logger://Microsoft/TestPlatform/TrxLogger/v1' and type 'Microsoft.VisualStudio.TestPlatform.Extensions.TrxLogger.TrxLogger, Microsoft.VisualStudio.TestPlatform.Extensions.Trx.TestLogger, Version=15.0.0.0, Culture=neutral, PublicKeyToken=b03f5f7f11d50a3a' inside file 'C:\Program Files\dotnet\sdk\9.0.101\Extensions\Microsoft.VisualStudio.TestPlatform.Extensions.Trx.TestLogger.dll'
TpTrace Verbose: 0 : 20428, 1, 2024/12/17, 15:28:30.835, 7752286984983, vstest.console.dll, TestPluginCache: Discovered the extensions using extension path ''.
TpTrace Verbose: 0 : 20428, 1, 2024/12/17, 15:28:30.836, 7752286986424, vstest.console.dll, TestPluginCache: Discoverers are ''.
TpTrace Verbose: 0 : 20428, 1, 2024/12/17, 15:28:30.836, 7752286987872, vstest.console.dll, TestPluginCache: Executors are ''.
TpTrace Verbose: 0 : 20428, 1, 2024/12/17, 15:28:30.836, 7752286989072, vstest.console.dll, TestPluginCache: Executors2 are ''.
TpTrace Verbose: 0 : 20428, 1, 2024/12/17, 15:28:30.836, 7752286990218, vstest.console.dll, TestPluginCache: Setting providers are ''.
TpTrace Verbose: 0 : 20428, 1, 2024/12/17, 15:28:30.836, 7752286993197, vstest.console.dll, TestPluginCache: Loggers are 'logger://Microsoft/TestPlatform/Extensions/Blame/v1,logger://Microsoft/TestPlatform/HtmlLogger/v1,logger://Microsoft/TestPlatform/TrxLogger/v1'.
TpTrace Verbose: 0 : 20428, 1, 2024/12/17, 15:28:30.836, 7752286995430, vstest.console.dll, TestPluginCache: TestHosts are 'HostProvider://DefaultTestHost,HostProvider://DotnetTestHost'.
TpTrace Verbose: 0 : 20428, 1, 2024/12/17, 15:28:30.837, 7752286996722, vstest.console.dll, TestPluginCache: DataCollectors are ''.
TpTrace Information: 0 : 20428, 1, 2024/12/17, 15:28:30.839, 7752287022693, vstest.console.dll, TestPluginManager.CreateTestExtension: Attempting to load test extension: Microsoft.TestPlatform.Extensions.BlameDataCollector.BlameLogger
TpTrace Verbose: 0 : 20428, 1, 2024/12/17, 15:28:30.917, 7752287801649, vstest.console.dll, TestEngine: Initializing Parallel Execution as MaxCpuCount is set to: 1
TpTrace Information: 0 : 20428, 1, 2024/12/17, 15:28:30.926, 7752287894288, vstest.console.dll, TestPluginManager.CreateTestExtension: Attempting to load test extension: Microsoft.VisualStudio.TestPlatform.CrossPlatEngine.Hosting.DefaultTestHostManager
TpTrace Information: 0 : 20428, 1, 2024/12/17, 15:28:30.942, 7752288049855, vstest.console.dll, TestPluginManager.CreateTestExtension: Attempting to load test extension: Microsoft.VisualStudio.TestPlatform.CrossPlatEngine.Hosting.DotnetTestHostManager
TpTrace Verbose: 0 : 20428, 1, 2024/12/17, 15:28:30.942, 7752288055706, vstest.console.dll, TestHostManagerCallbacks.ctor: Forwarding output is enabled.
TpTrace Information: 0 : 20428, 1, 2024/12/17, 15:28:30.943, 7752288063156, vstest.console.dll, InferRunSettingsHelper.IsTestSettingsEnabled: Unable to navigate to RunSettings/MSTest. Current node: RunSettings
TpTrace Verbose: 0 : 20428, 1, 2024/12/17, 15:28:30.945, 7752288078279, vstest.console.dll, ParallelOperationManager.ClearSlots: Clearing all slots. Slots should accept more work: True
TpTrace Verbose: 0 : 20428, 1, 2024/12/17, 15:28:30.946, 7752288086220, vstest.console.dll, ParallelOperationManager.SetOccupiedSlotCount: Setting slot counts AvailableSlotCount = 1, OccupiedSlotCount = 0.
TpTrace Verbose: 0 : 20428, 1, 2024/12/17, 15:28:30.946, 7752288091806, vstest.console.dll, Occupied slots:

TpTrace Verbose: 0 : 20428, 1, 2024/12/17, 15:28:30.952, 7752288154442, vstest.console.dll, TestEngine.GetExecutionManager: Chosen execution manager 'Microsoft.VisualStudio.TestPlatform.CrossPlatEngine.Client.Parallel.ParallelProxyExecutionManager, Microsoft.TestPlatform.CrossPlatEngine, Version=15.0.0.0, Culture=neutral, PublicKeyToken=b03f5f7f11d50a3a' ParallelLevel '1'.
TpTrace Verbose: 0 : 20428, 1, 2024/12/17, 15:28:30.953, 7752288159167, vstest.console.dll, TestPlatform.GetSkipDefaultAdapters: Not skipping default adapters SkipDefaultAdapters was false.
TpTrace Verbose: 0 : 20428, 1, 2024/12/17, 15:28:30.953, 7752288161073, vstest.console.dll, TestRunRequest.ExecuteAsync: Creating test run request.
TpTrace Verbose: 0 : 20428, 1, 2024/12/17, 15:28:30.954, 7752288167120, vstest.console.dll, TestRunRequest.ExecuteAsync: Starting.
TpTrace Information: 0 : 20428, 1, 2024/12/17, 15:28:30.956, 7752288190829, vstest.console.dll, TestRunRequest.ExecuteAsync: Starting run with settings:TestRunCriteria:
   KeepAlive=False,FrequencyOfRunStatsChangeEvent=10,RunStatsChangeEventTimeout=00:00:01.5000000,TestCaseFilter=,TestExecutorLauncher=
   Settingsxml=<RunSettings>
  <RunConfiguration>
    <ResultsDirectory>C:\Users\Administrator\Desktop\.NET Training\Day6\ProductMicroservice\ProductServiceTest\bin\Debug\net8.0\fine-code-coverage\coverage-tool-output</ResultsDirectory>
    <TargetPlatform>X64</TargetPlatform>
    <TargetFrameworkVersion>.NETCoreApp,Version=v8.0</TargetFrameworkVersion>
    <DesignMode>False</DesignMode>
    <CollectSourceInformation>False</CollectSourceInformation>
  </RunConfiguration>
  <LoggerRunSettings>
    <Loggers>
      <Logger friendlyName="blame" enabled="True" />
      <Logger friendlyName="Console" uri="logger://microsoft/TestPlatform/ConsoleLogger/v1" assemblyQualifiedName="Microsoft.VisualStudio.TestPlatform.CommandLine.Internal.ConsoleLogger, vstest.console, Version=15.0.0.0, Culture=neutral, PublicKeyToken=b03f5f7f11d50a3a" codeBase="C:\Program Files\dotnet\sdk\9.0.101\vstest.console.dll" enabled="True" />
    </Loggers>
  </LoggerRunSettings>
  <DataCollectionRunSettings>
    <DataCollectors>
      <DataCollector friendlyName="blame" enabled="True">
        <Configuration>
          <ResultsDirectory>C:\Users\Administrator\Desktop\.NET Training\Day6\ProductMicroservice\ProductServiceTest\bin\Debug\net8.0\fine-code-coverage\coverage-tool-output</ResultsDirectory>
        </Configuration>
      </DataCollector>
    </DataCollectors>
  </DataCollectionRunSettings>
</RunSettings>

TpTrace Verbose: 0 : 20428, 1, 2024/12/17, 15:28:30.956, 7752288192394, vstest.console.dll, TestRunRequest.ExecuteAsync: Wait for the first run request is over.
TpTrace Verbose: 0 : 20428, 1, 2024/12/17, 15:28:30.957, 7752288199799, vstest.console.dll, MulticastDelegateUtilities.SafeInvoke: TestRun.TestRunStart: Invoking callbacks was skipped because there are no subscribers.
TpTrace Verbose: 0 : 20428, 4, 2024/12/17, 15:28:30.957, 7752288204169, vstest.console.dll, MulticastDelegateUtilities.SafeInvoke: InternalTestLoggerEvents.SendTestRunStart: Invoking callback 1/1 for Microsoft.VisualStudio.TestPlatform.CommandLine.Internal.ConsoleLogger., took 0 ms.
TpTrace Verbose: 0 : 20428, 1, 2024/12/17, 15:28:30.977, 7752288404382, vstest.console.dll, ParallelProxyExecutionManager: Start execution. Total sources: 1
TpTrace Verbose: 0 : 20428, 1, 2024/12/17, 15:28:30.978, 7752288411936, vstest.console.dll, ParallelOperationManager.StartWork: Starting adding 1 workloads.
TpTrace Verbose: 0 : 20428, 1, 2024/12/17, 15:28:30.978, 7752288414147, vstest.console.dll, ParallelOperationManager.ClearSlots: Clearing all slots. Slots should accept more work: True
TpTrace Verbose: 0 : 20428, 1, 2024/12/17, 15:28:30.979, 7752288416047, vstest.console.dll, ParallelOperationManager.SetOccupiedSlotCount: Setting slot counts AvailableSlotCount = 1, OccupiedSlotCount = 0.
TpTrace Verbose: 0 : 20428, 1, 2024/12/17, 15:28:30.979, 7752288417445, vstest.console.dll, Occupied slots:

TpTrace Verbose: 0 : 20428, 1, 2024/12/17, 15:28:30.984, 7752288475118, vstest.console.dll, TestHostManagerCallbacks.ctor: Forwarding output is enabled.
TpTrace Verbose: 0 : 20428, 1, 2024/12/17, 15:28:30.985, 7752288483841, vstest.console.dll, TestRequestSender is acting as server.
TpTrace Verbose: 0 : 20428, 1, 2024/12/17, 15:28:31.001, 7752288644366, vstest.console.dll, ParallelOperationManager.RunWorkInParallel: Adding 1 workload to slot, remaining workloads 0.
TpTrace Verbose: 0 : 20428, 1, 2024/12/17, 15:28:31.002, 7752288647713, vstest.console.dll, ParallelOperationManager.SetOccupiedSlotCount: Setting slot counts AvailableSlotCount = 0, OccupiedSlotCount = 1.
TpTrace Verbose: 0 : 20428, 1, 2024/12/17, 15:28:31.002, 7752288650717, vstest.console.dll, Occupied slots:
0: C:\Users\Administrator\Desktop\.NET Training\Day6\ProductMicroservice\ProductServiceTest\bin\Debug\net8.0\fine-code-coverage\build-output\ProductServiceTest.dll
TpTrace Verbose: 0 : 20428, 1, 2024/12/17, 15:28:31.005, 7752288678981, vstest.console.dll, ParallelOperationManager.RunWorkInParallel: Started host in slot number 0 for work (source): C:\Users\Administrator\Desktop\.NET Training\Day6\ProductMicroservice\ProductServiceTest\bin\Debug\net8.0\fine-code-coverage\build-output\ProductServiceTest.dll.
TpTrace Verbose: 0 : 20428, 5, 2024/12/17, 15:28:31.020, 7752288830605, vstest.console.dll, ParallelProxyExecutionManager.StartTestRunOnConcurrentManager: Initializing uninitialized client. Started clients: 0
TpTrace Verbose: 0 : 20428, 5, 2024/12/17, 15:28:31.020, 7752288833993, vstest.console.dll, DataCollectionRequestSender.InitializeCommunication : Initialize communication. 
TpTrace Verbose: 0 : 20428, 1, 2024/12/17, 15:28:31.024, 7752288871980, vstest.console.dll, ParallelOperationManager.RunWorkInParallel: We started 1 work items, which is the max parallel level. Won't start more work.
TpTrace Verbose: 0 : 20428, 1, 2024/12/17, 15:28:31.024, 7752288875830, vstest.console.dll, ParallelOperationManager.RunWorkInParallel: We started 1 work items in here, returning True.
TpTrace Information: 0 : 20428, 1, 2024/12/17, 15:28:31.025, 7752288877186, vstest.console.dll, TestRunRequest.ExecuteAsync: Started.
TpTrace Verbose: 0 : 20428, 1, 2024/12/17, 15:28:31.026, 7752288888488, vstest.console.dll, TestRunRequest.WaitForCompletion: Waiting with timeout -1.
TpTrace Information: 0 : 20428, 5, 2024/12/17, 15:28:31.035, 7752288979350, vstest.console.dll, Listening on Endpoint : 127.0.0.1:64529
TpTrace Verbose: 0 : 20428, 5, 2024/12/17, 15:28:31.054, 7752289170061, vstest.console.dll, DotnetDataCollectionLauncher: Adding  --runtimeconfig "C:\Program Files\dotnet\sdk\9.0.101\datacollector.runtimeconfig.json" in args
TpTrace Verbose: 0 : 20428, 5, 2024/12/17, 15:28:31.055, 7752289176867, vstest.console.dll, DotnetDataCollectionLauncher: Adding  --depsfile "C:\Program Files\dotnet\sdk\9.0.101\datacollector.deps.json" in args
TpTrace Verbose: 0 : 20428, 5, 2024/12/17, 15:28:31.055, 7752289180321, vstest.console.dll, DotnetDataCollectionLauncher: Full path of dotnet.exe is C:\Program Files\dotnet\dotnet.exe
TpTrace Information: 0 : 20428, 5, 2024/12/17, 15:28:31.071, 7752289338580, vstest.console.dll, ProxyDataCollectionManager.Initialize: Launched datacollector processId: 21680 port: 64529
TpTrace Information: 0 : 20428, 5, 2024/12/17, 15:28:31.071, 7752289341501, vstest.console.dll, ProxyDataCollectionManager.Initialize: waiting for connection with timeout: 90 seconds
TpTrace Verbose: 0 : 20428, 5, 2024/12/17, 15:28:31.071, 7752289342885, vstest.console.dll, DataCollectionRequestSender.WaitForRequestHandlerConnection : Waiting for connection with timeout: 90000
TpTrace Information: 0 : 20428, 9, 2024/12/17, 15:28:31.376, 7752292393895, vstest.console.dll, Using the buffer size of 16384 bytes
TpTrace Verbose: 0 : 20428, 5, 2024/12/17, 15:28:31.376, 7752292393901, vstest.console.dll, SocketCommunicationManager.WaitForClientConnection took: 304 ms, with 90000 ms timeout, and finished with True.
TpTrace Information: 0 : 20428, 9, 2024/12/17, 15:28:31.377, 7752292396517, vstest.console.dll, Accepted Client request and set the flag
TpTrace Verbose: 0 : 20428, 5, 2024/12/17, 15:28:31.377, 7752292400097, vstest.console.dll, ProxyDataCollectionManager.InvokeDataCollectionServiceAction: Starting.
TpTrace Information: 0 : 20428, 5, 2024/12/17, 15:28:31.377, 7752292401662, vstest.console.dll, ProxyDataCollectionManager.BeforeTestRunStart: Get environment variable and port for datacollector processId: 21680 port: 64529
TpTrace Verbose: 0 : 20428, 5, 2024/12/17, 15:28:31.377, 7752292404194, vstest.console.dll, DataCollectionRequestSender.SendBeforeTestRunStartAndGetResult: Send BeforeTestRunStart message with settingsXml <RunSettings><RunConfiguration><ResultsDirectory>C:\Users\Administrator\Desktop\.NET Training\Day6\ProductMicroservice\ProductServiceTest\bin\Debug\net8.0\fine-code-coverage\coverage-tool-output</ResultsDirectory><TargetPlatform>X64</TargetPlatform><TargetFrameworkVersion>.NETCoreApp,Version=v8.0</TargetFrameworkVersion><DesignMode>False</DesignMode><CollectSourceInformation>False</CollectSourceInformation><TestAdaptersPaths>C:\Program Files\dotnet\sdk\9.0.101\Extensions</TestAdaptersPaths></RunConfiguration><LoggerRunSettings><Loggers><Logger friendlyName="blame" enabled="True" /><Logger friendlyName="Console" uri="logger://microsoft/TestPlatform/ConsoleLogger/v1" assemblyQualifiedName="Microsoft.VisualStudio.TestPlatform.CommandLine.Internal.ConsoleLogger, vstest.console, Version=15.0.0.0, Culture=neutral, PublicKeyToken=b03f5f7f11d50a3a" codeBase="C:\Program Files\dotnet\sdk\9.0.101\vstest.console.dll" enabled="True" /></Loggers></LoggerRunSettings><DataCollectionRunSettings><DataCollectors><DataCollector friendlyName="blame" enabled="True"><Configuration><ResultsDirectory>C:\Users\Administrator\Desktop\.NET Training\Day6\ProductMicroservice\ProductServiceTest\bin\Debug\net8.0\fine-code-coverage\coverage-tool-output</ResultsDirectory></Configuration></DataCollector></DataCollectors></DataCollectionRunSettings></RunSettings> and sources System.Collections.Generic.List`1[System.String]: 
TpTrace Verbose: 0 : 20428, 5, 2024/12/17, 15:28:31.648, 7752295111132, vstest.console.dll, DataCollectionRequestSender.SendBeforeTestRunStartAndGetResult: Received message: (DataCollection.SendMessage) -> {"MessageType":"DataCollection.SendMessage","Payload":{"FriendlyName":null,"Uri":null,"TestCaseId":"00000000-0000-0000-0000-000000000000","Message":"Logging DataCollector Diagnostics in file: C:\\Users\\Administrator\\Desktop\\.NET Training\\Day6\\ProductMicroservice\\ProductServiceTest\\bin\\Debug\\net8.0\\fine-code-coverage\\coverage-tool-output\\diagnostics.datacollector.24-12-17_15-28-31_05330_5.log","Level":0}}
TpTrace Verbose: 0 : 20428, 5, 2024/12/17, 15:28:31.911, 7752297743340, vstest.console.dll, DataCollectionRequestSender.SendBeforeTestRunStartAndGetResult: Received message: (DataCollection.BeforeTestRunStartResult) -> {"MessageType":"DataCollection.BeforeTestRunStartResult","Payload":{"EnvironmentVariables":{},"DataCollectionEventsPort":64531}}
TpTrace Information: 0 : 20428, 5, 2024/12/17, 15:28:31.919, 7752297824878, vstest.console.dll, ProxyDataCollectionManager.BeforeTestRunStart: SendBeforeTestRunStartAndGetResult successful, env variable from datacollector:   and testhost port: 64531
TpTrace Information: 0 : 20428, 5, 2024/12/17, 15:28:31.920, 7752297826905, vstest.console.dll, ProxyDataCollectionManager.InvokeDataCollectionServiceAction: Completed.
TpTrace Verbose: 0 : 20428, 5, 2024/12/17, 15:28:31.920, 7752297827755, vstest.console.dll, ParallelProxyExecutionManager.StartTestRunOnConcurrentManager: Initializing test run. Started clients: 0
TpTrace Verbose: 0 : 20428, 5, 2024/12/17, 15:28:31.920, 7752297829847, vstest.console.dll, ProxyExecutionManager: Test host is always Lazy initialize.
TpTrace Verbose: 0 : 20428, 5, 2024/12/17, 15:28:31.920, 7752297833818, vstest.console.dll, TestRequestSender.InitializeCommunication: initialize communication. 
TpTrace Information: 0 : 20428, 5, 2024/12/17, 15:28:31.922, 7752297848405, vstest.console.dll, SocketServer.Start: Listening on endpoint : 127.0.0.1:64532
TpTrace Verbose: 0 : 20428, 5, 2024/12/17, 15:28:31.923, 7752297863565, vstest.console.dll, DotnetTestHostmanager.GetTestHostProcessStartInfo: Platform environment 'X64' target architecture 'X64' framework '.NETCoreApp,Version=v8.0' OS 'Windows'
TpTrace Verbose: 0 : 20428, 5, 2024/12/17, 15:28:31.924, 7752297871532, vstest.console.dll, DotnetTestHostmanager: Adding  --runtimeconfig "C:\Users\Administrator\Desktop\.NET Training\Day6\ProductMicroservice\ProductServiceTest\bin\Debug\net8.0\fine-code-coverage\build-output\ProductServiceTest.runtimeconfig.json" in args
TpTrace Verbose: 0 : 20428, 5, 2024/12/17, 15:28:31.924, 7752297873310, vstest.console.dll, DotnetTestHostmanager: Adding  --depsfile "C:\Users\Administrator\Desktop\.NET Training\Day6\ProductMicroservice\ProductServiceTest\bin\Debug\net8.0\fine-code-coverage\build-output\ProductServiceTest.deps.json" in args
TpTrace Verbose: 0 : 20428, 5, 2024/12/17, 15:28:31.925, 7752297879161, vstest.console.dll, DotnetTestHostmanager.IsWinOnArm: Current PROCESSOR_ARCHITECTURE from environment variable 'AMD64'
TpTrace Verbose: 0 : 20428, 5, 2024/12/17, 15:28:31.925, 7752297881092, vstest.console.dll, DotnetTestHostmanager.IsWinOnArm: Is Windows on ARM 'False'
TpTrace Verbose: 0 : 20428, 5, 2024/12/17, 15:28:31.925, 7752297885747, vstest.console.dll, DotnetTestHostManager: testhost.exe found at path: C:\Users\Administrator\Desktop\.NET Training\Day6\ProductMicroservice\ProductServiceTest\bin\Debug\net8.0\fine-code-coverage\build-output\testhost.exe
TpTrace Verbose: 0 : 20428, 5, 2024/12/17, 15:28:31.926, 7752297887502, vstest.console.dll, DotnetTestHostmanager: Full path of host exe is C:\Users\Administrator\Desktop\.NET Training\Day6\ProductMicroservice\ProductServiceTest\bin\Debug\net8.0\fine-code-coverage\build-output\testhost.exe
TpTrace Verbose: 0 : 20428, 5, 2024/12/17, 15:28:31.926, 7752297891886, vstest.console.dll, DotnetTestHostmanager.LaunchTestHostAsync: Found 'VSTEST_WINAPPHOST_DOTNET_ROOT' in env variables, value 'C:\Program Files\dotnet', forwarding to 'DOTNET_ROOT'
TpTrace Verbose: 0 : 20428, 5, 2024/12/17, 15:28:31.927, 7752297896311, vstest.console.dll, DotnetTestHostManager: Starting process 'C:\Users\Administrator\Desktop\.NET Training\Day6\ProductMicroservice\ProductServiceTest\bin\Debug\net8.0\fine-code-coverage\build-output\testhost.exe' with command line ' --runtimeconfig "C:\Users\Administrator\Desktop\.NET Training\Day6\ProductMicroservice\ProductServiceTest\bin\Debug\net8.0\fine-code-coverage\build-output\ProductServiceTest.runtimeconfig.json" --depsfile "C:\Users\Administrator\Desktop\.NET Training\Day6\ProductMicroservice\ProductServiceTest\bin\Debug\net8.0\fine-code-coverage\build-output\ProductServiceTest.deps.json" --port 64532 --endpoint 127.0.0.1:064532 --role client --parentprocessid 20428 --diag "C:\Users\Administrator\Desktop\.NET Training\Day6\ProductMicroservice\ProductServiceTest\bin\Debug\net8.0\fine-code-coverage\coverage-tool-output\diagnostics.host.24-12-17_15-28-31_92301_5.log" --tracelevel 4 --datacollectionport 64531 --telemetryoptedin false'
TpTrace Verbose: 0 : 20428, 5, 2024/12/17, 15:28:31.952, 7752298153886, vstest.console.dll, MulticastDelegateUtilities.SafeInvoke: HostProviderEvents.OnHostLaunched: Invoking callback 1/2 for Microsoft.VisualStudio.TestPlatform.CrossPlatEngine.Client.ProxyExecutionManagerWithDataCollection., took 2 ms.
TpTrace Verbose: 0 : 20428, 5, 2024/12/17, 15:28:31.953, 7752298160924, vstest.console.dll, Test Runtime launched
TpTrace Verbose: 0 : 20428, 5, 2024/12/17, 15:28:31.953, 7752298162690, vstest.console.dll, MulticastDelegateUtilities.SafeInvoke: HostProviderEvents.OnHostLaunched: Invoking callback 2/2 for Microsoft.VisualStudio.TestPlatform.CrossPlatEngine.Client.ProxyOperationManager., took 0 ms.
TpTrace Verbose: 0 : 20428, 5, 2024/12/17, 15:28:31.953, 7752298165827, vstest.console.dll, TestRequestSender.WaitForRequestHandlerConnection: waiting for connection with timeout: 90000.
TpTrace Verbose: 0 : 20428, 5, 2024/12/17, 15:28:32.396, 7752302595353, vstest.console.dll, TestRequestSender.WaitForRequestHandlerConnection: waiting took 442 ms, with timeout 90000 ms, and result 0, which is success.
TpTrace Verbose: 0 : 20428, 13, 2024/12/17, 15:28:32.396, 7752302595356, vstest.console.dll, MulticastDelegateUtilities.SafeInvoke: SocketServer: ClientConnected: Invoking callback 1/1 for Microsoft.VisualStudio.TestPlatform.CommunicationUtilities.TestRequestSender., took 0 ms.
TpTrace Verbose: 0 : 20428, 13, 2024/12/17, 15:28:32.397, 7752302599527, vstest.console.dll, SocketServer.OnClientConnected: Client connected for endPoint: 127.0.0.1:64532, starting MessageLoopAsync:
TpTrace Verbose: 0 : 20428, 5, 2024/12/17, 15:28:32.398, 7752302613241, vstest.console.dll, TestRequestSender.CheckVersionWithTestHost: Sending check version message: {"MessageType":"ProtocolVersion","Payload":7}
TpTrace Verbose: 0 : 20428, 9, 2024/12/17, 15:28:32.398, 7752302613957, vstest.console.dll, TcpClientExtensions.MessageLoopAsync: Polling on remoteEndPoint: 127.0.0.1:64533 localEndPoint: 127.0.0.1:64532 after 0 ms
TpTrace Verbose: 0 : 20428, 9, 2024/12/17, 15:28:32.602, 7752304654807, vstest.console.dll, TcpClientExtensions.MessageLoopAsync: NotifyDataAvailable remoteEndPoint: 127.0.0.1:64533 localEndPoint: 127.0.0.1:64532
TpTrace Verbose: 0 : 20428, 9, 2024/12/17, 15:28:32.603, 7752304659537, vstest.console.dll, TestRequestSender.CheckVersionWithTestHost: onMessageReceived received message: (ProtocolVersion) -> {"MessageType":"ProtocolVersion","Payload":7}
TpTrace Verbose: 0 : 20428, 9, 2024/12/17, 15:28:32.605, 7752304677717, vstest.console.dll, MulticastDelegateUtilities.SafeInvoke: LengthPrefixCommunicationChannel: MessageReceived: Invoking callback 1/1 for Microsoft.VisualStudio.TestPlatform.CommunicationUtilities.TestRequestSender+<>c__DisplayClass29_0., took 1 ms.
TpTrace Verbose: 0 : 20428, 5, 2024/12/17, 15:28:32.605, 7752304679559, vstest.console.dll, TestPluginCache.GetExtensionPaths: Filtered extension paths: 
TpTrace Verbose: 0 : 20428, 9, 2024/12/17, 15:28:32.605, 7752304680802, vstest.console.dll, TcpClientExtensions.MessageLoopAsync: Polling on remoteEndPoint: 127.0.0.1:64533 localEndPoint: 127.0.0.1:64532 after 206 ms
TpTrace Verbose: 0 : 20428, 5, 2024/12/17, 15:28:32.605, 7752304681672, vstest.console.dll, TestPluginCache.GetExtensionPaths: Added default extension paths: C:\Program Files\dotnet\sdk\9.0.101\Extensions\Microsoft.Diagnostics.NETCore.Client.dll
C:\Program Files\dotnet\sdk\9.0.101\Extensions\Microsoft.TestPlatform.Extensions.BlameDataCollector.dll
C:\Program Files\dotnet\sdk\9.0.101\Extensions\Microsoft.TestPlatform.Extensions.EventLogCollector.dll
C:\Program Files\dotnet\sdk\9.0.101\Extensions\Microsoft.TestPlatform.TestHostRuntimeProvider.dll
C:\Program Files\dotnet\sdk\9.0.101\Extensions\Microsoft.VisualStudio.TestPlatform.Extensions.Html.TestLogger.dll
C:\Program Files\dotnet\sdk\9.0.101\Extensions\Microsoft.VisualStudio.TestPlatform.Extensions.Trx.TestLogger.dll
TpTrace Verbose: 0 : 20428, 5, 2024/12/17, 15:28:32.605, 7752304683450, vstest.console.dll, TestPluginCache.GetExtensionPaths: Added unfilterableExtensionPaths: 
TpTrace Verbose: 0 : 20428, 5, 2024/12/17, 15:28:32.610, 7752304728309, vstest.console.dll, TestRequestSender.InitializeExecution: Sending initialize execution with message: {"Version":7,"MessageType":"TestExecution.Initialize","Payload":["C:\\Users\\Administrator\\Desktop\\.NET Training\\Day6\\ProductMicroservice\\ProductServiceTest\\bin\\Debug\\net8.0\\fine-code-coverage\\build-output\\NUnit3.TestAdapter.dll"]}
TpTrace Verbose: 0 : 20428, 5, 2024/12/17, 15:28:32.610, 7752304732956, vstest.console.dll, ParallelProxyExecutionManager.StartTestRunOnConcurrentManager: Execution starting. Started clients: 1
TpTrace Verbose: 0 : 20428, 5, 2024/12/17, 15:28:32.611, 7752304740094, vstest.console.dll, TestRunRequest:SendTestRunMessage: Starting.
TpTrace Verbose: 0 : 20428, 5, 2024/12/17, 15:28:32.611, 7752304744797, vstest.console.dll, MulticastDelegateUtilities.SafeInvoke: TestRun.LogMessages: Invoking callback 1/1 for Microsoft.VisualStudio.TestPlatform.CommandLine.TestRunResultAggregator., took 0 ms.
TpTrace Information: 0 : 20428, 5, 2024/12/17, 15:28:32.612, 7752304746373, vstest.console.dll, TestRunRequest:SendTestRunMessage: Completed.
TpTrace Verbose: 0 : 20428, 4, 2024/12/17, 15:28:32.612, 7752304747719, vstest.console.dll, MulticastDelegateUtilities.SafeInvoke: InternalTestLoggerEvents.SendTestRunMessage: Invoking callback 1/1 for Microsoft.VisualStudio.TestPlatform.CommandLine.Internal.ConsoleLogger., took 0 ms.
TpTrace Verbose: 0 : 20428, 9, 2024/12/17, 15:28:32.612, 7752304755570, vstest.console.dll, TcpClientExtensions.MessageLoopAsync: NotifyDataAvailable remoteEndPoint: 127.0.0.1:64533 localEndPoint: 127.0.0.1:64532
TpTrace Warning: 0 : 20428, 5, 2024/12/17, 15:28:32.613, 7752304755879, vstest.console.dll, InferRunSettingsHelper.MakeRunsettingsCompatible: Removing the following settings: TargetPlatform from RunSettings file. To use those settings please move to latest version of Microsoft.NET.Test.Sdk
TpTrace Verbose: 0 : 20428, 9, 2024/12/17, 15:28:32.619, 7752304817167, vstest.console.dll, TestRequestSender.OnExecutionMessageReceived: Received message: {"Version":7,"MessageType":"TestSession.Message","Payload":{"MessageLevel":0,"Message":"Logging TestHost Diagnostics in file: C:\\Users\\Administrator\\Desktop\\.NET Training\\Day6\\ProductMicroservice\\ProductServiceTest\\bin\\Debug\\net8.0\\fine-code-coverage\\coverage-tool-output\\diagnostics.host.24-12-17_15-28-31_92301_5.log"}}
TpTrace Verbose: 0 : 20428, 9, 2024/12/17, 15:28:32.622, 7752304851514, vstest.console.dll, TestRunRequest:SendTestRunMessage: Starting.
TpTrace Verbose: 0 : 20428, 9, 2024/12/17, 15:28:32.622, 7752304855079, vstest.console.dll, MulticastDelegateUtilities.SafeInvoke: TestRun.LogMessages: Invoking callback 1/1 for Microsoft.VisualStudio.TestPlatform.CommandLine.TestRunResultAggregator., took 0 ms.
TpTrace Information: 0 : 20428, 9, 2024/12/17, 15:28:32.623, 7752304855940, vstest.console.dll, TestRunRequest:SendTestRunMessage: Completed.
TpTrace Verbose: 0 : 20428, 4, 2024/12/17, 15:28:32.623, 7752304855943, vstest.console.dll, MulticastDelegateUtilities.SafeInvoke: InternalTestLoggerEvents.SendTestRunMessage: Invoking callback 1/1 for Microsoft.VisualStudio.TestPlatform.CommandLine.Internal.ConsoleLogger., took 0 ms.
TpTrace Verbose: 0 : 20428, 9, 2024/12/17, 15:28:32.623, 7752304857374, vstest.console.dll, MulticastDelegateUtilities.SafeInvoke: LengthPrefixCommunicationChannel: MessageReceived: Invoking callback 1/1 for Microsoft.VisualStudio.TestPlatform.CommunicationUtilities.TestRequestSender+<>c__DisplayClass34_0., took 4 ms.
TpTrace Verbose: 0 : 20428, 9, 2024/12/17, 15:28:32.623, 7752304859422, vstest.console.dll, TcpClientExtensions.MessageLoopAsync: Polling on remoteEndPoint: 127.0.0.1:64533 localEndPoint: 127.0.0.1:64532 after 17 ms
TpTrace Verbose: 0 : 20428, 5, 2024/12/17, 15:28:32.627, 7752304900367, vstest.console.dll, TestRequestSender.StartTestRun: Sending test run with message: {"Version":7,"MessageType":"TestExecution.StartWithSources","Payload":{"AdapterSourceMap":{"_none_":["C:\\Users\\Administrator\\Desktop\\.NET Training\\Day6\\ProductMicroservice\\ProductServiceTest\\bin\\Debug\\net8.0\\fine-code-coverage\\build-output\\ProductServiceTest.dll"]},"RunSettings":"<RunSettings>\r\n  <RunConfiguration>\r\n    <ResultsDirectory>C:\\Users\\Administrator\\Desktop\\.NET Training\\Day6\\ProductMicroservice\\ProductServiceTest\\bin\\Debug\\net8.0\\fine-code-coverage\\coverage-tool-output</ResultsDirectory>\r\n    <TargetFrameworkVersion>.NETCoreApp,Version=v8.0</TargetFrameworkVersion>\r\n    <DesignMode>False</DesignMode>\r\n    <CollectSourceInformation>False</CollectSourceInformation>\r\n  </RunConfiguration>\r\n  <LoggerRunSettings>\r\n    <Loggers>\r\n      <Logger friendlyName=\"blame\" enabled=\"True\" />\r\n      <Logger friendlyName=\"Console\" uri=\"logger://microsoft/TestPlatform/ConsoleLogger/v1\" assemblyQualifiedName=\"Microsoft.VisualStudio.TestPlatform.CommandLine.Internal.ConsoleLogger, vstest.console, Version=15.0.0.0, Culture=neutral, PublicKeyToken=b03f5f7f11d50a3a\" codeBase=\"C:\\Program Files\\dotnet\\sdk\\9.0.101\\vstest.console.dll\" enabled=\"True\" />\r\n    </Loggers>\r\n  </LoggerRunSettings>\r\n  <DataCollectionRunSettings>\r\n    <DataCollectors>\r\n      <DataCollector friendlyName=\"blame\" enabled=\"True\">\r\n        <Configuration>\r\n          <ResultsDirectory>C:\\Users\\Administrator\\Desktop\\.NET Training\\Day6\\ProductMicroservice\\ProductServiceTest\\bin\\Debug\\net8.0\\fine-code-coverage\\coverage-tool-output</ResultsDirectory>\r\n        </Configuration>\r\n      </DataCollector>\r\n    </DataCollectors>\r\n  </DataCollectionRunSettings>\r\n</RunSettings>","TestExecutionContext":{"FrequencyOfRunStatsChangeEvent":10,"RunStatsChangeEventTimeout":"00:00:01.5000000","InIsolation":false,"KeepAlive":false,"AreTestCaseLevelEventsRequired":false,"IsDebug":false,"TestCaseFilter":null,"FilterOptions":null},"Package":null}}
TpTrace Verbose: 0 : 20428, 5, 2024/12/17, 15:28:32.627, 7752304903855, vstest.console.dll, ParallelProxyExecutionManager.StartTestRunOnConcurrentManager: Execution started. Started clients: 1
TpTrace Verbose: 0 : 20428, 9, 2024/12/17, 15:28:32.910, 7752307730613, vstest.console.dll, TcpClientExtensions.MessageLoopAsync: NotifyDataAvailable remoteEndPoint: 127.0.0.1:64533 localEndPoint: 127.0.0.1:64532
TpTrace Verbose: 0 : 20428, 9, 2024/12/17, 15:28:32.910, 7752307735612, vstest.console.dll, TestRequestSender.OnExecutionMessageReceived: Received message: {"Version":7,"MessageType":"TestSession.Message","Payload":{"MessageLevel":0,"Message":"NUnit Adapter 4.5.0.0: Test execution started"}}
TpTrace Verbose: 0 : 20428, 9, 2024/12/17, 15:28:32.911, 7752307741780, vstest.console.dll, TestRunRequest:SendTestRunMessage: Starting.
TpTrace Verbose: 0 : 20428, 9, 2024/12/17, 15:28:32.911, 7752307744284, vstest.console.dll, MulticastDelegateUtilities.SafeInvoke: TestRun.LogMessages: Invoking callback 1/1 for Microsoft.VisualStudio.TestPlatform.CommandLine.TestRunResultAggregator., took 0 ms.
TpTrace Verbose: 0 : 20428, 4, 2024/12/17, 15:28:32.911, 7752307744992, vstest.console.dll, MulticastDelegateUtilities.SafeInvoke: InternalTestLoggerEvents.SendTestRunMessage: Invoking callback 1/1 for Microsoft.VisualStudio.TestPlatform.CommandLine.Internal.ConsoleLogger., took 0 ms.
TpTrace Information: 0 : 20428, 9, 2024/12/17, 15:28:32.911, 7752307745543, vstest.console.dll, TestRunRequest:SendTestRunMessage: Completed.
TpTrace Verbose: 0 : 20428, 9, 2024/12/17, 15:28:32.912, 7752307747935, vstest.console.dll, MulticastDelegateUtilities.SafeInvoke: LengthPrefixCommunicationChannel: MessageReceived: Invoking callback 1/1 for Microsoft.VisualStudio.TestPlatform.CommunicationUtilities.TestRequestSender+<>c__DisplayClass34_0., took 1 ms.
TpTrace Verbose: 0 : 20428, 9, 2024/12/17, 15:28:32.912, 7752307749038, vstest.console.dll, TcpClientExtensions.MessageLoopAsync: Polling on remoteEndPoint: 127.0.0.1:64533 localEndPoint: 127.0.0.1:64532 after 288 ms
TpTrace Verbose: 0 : 20428, 9, 2024/12/17, 15:28:32.973, 7752308357244, vstest.console.dll, TcpClientExtensions.MessageLoopAsync: NotifyDataAvailable remoteEndPoint: 127.0.0.1:64533 localEndPoint: 127.0.0.1:64532
TpTrace Verbose: 0 : 20428, 9, 2024/12/17, 15:28:32.973, 7752308360639, vstest.console.dll, TestRequestSender.OnExecutionMessageReceived: Received message: {"Version":7,"MessageType":"TestSession.Message","Payload":{"MessageLevel":0,"Message":"Running all tests in C:\\Users\\Administrator\\Desktop\\.NET Training\\Day6\\ProductMicroservice\\ProductServiceTest\\bin\\Debug\\net8.0\\fine-code-coverage\\build-output\\ProductServiceTest.dll"}}
TpTrace Verbose: 0 : 20428, 9, 2024/12/17, 15:28:32.973, 7752308362192, vstest.console.dll, TestRunRequest:SendTestRunMessage: Starting.
TpTrace Verbose: 0 : 20428, 9, 2024/12/17, 15:28:32.974, 7752308367747, vstest.console.dll, MulticastDelegateUtilities.SafeInvoke: TestRun.LogMessages: Invoking callback 1/1 for Microsoft.VisualStudio.TestPlatform.CommandLine.TestRunResultAggregator., took 0 ms.
TpTrace Verbose: 0 : 20428, 4, 2024/12/17, 15:28:32.974, 7752308368547, vstest.console.dll, MulticastDelegateUtilities.SafeInvoke: InternalTestLoggerEvents.SendTestRunMessage: Invoking callback 1/1 for Microsoft.VisualStudio.TestPlatform.CommandLine.Internal.ConsoleLogger., took 0 ms.
TpTrace Information: 0 : 20428, 9, 2024/12/17, 15:28:32.974, 7752308368553, vstest.console.dll, TestRunRequest:SendTestRunMessage: Completed.
TpTrace Verbose: 0 : 20428, 9, 2024/12/17, 15:28:32.974, 7752308370098, vstest.console.dll, MulticastDelegateUtilities.SafeInvoke: LengthPrefixCommunicationChannel: MessageReceived: Invoking callback 1/1 for Microsoft.VisualStudio.TestPlatform.CommunicationUtilities.TestRequestSender+<>c__DisplayClass34_0., took 0 ms.
TpTrace Verbose: 0 : 20428, 9, 2024/12/17, 15:28:32.974, 7752308370107, vstest.console.dll, TcpClientExtensions.MessageLoopAsync: Polling on remoteEndPoint: 127.0.0.1:64533 localEndPoint: 127.0.0.1:64532 after 62 ms
TpTrace Verbose: 0 : 20428, 9, 2024/12/17, 15:28:33.317, 7752311796066, vstest.console.dll, TcpClientExtensions.MessageLoopAsync: NotifyDataAvailable remoteEndPoint: 127.0.0.1:64533 localEndPoint: 127.0.0.1:64532
TpTrace Verbose: 0 : 20428, 9, 2024/12/17, 15:28:33.317, 7752311802967, vstest.console.dll, TestRequestSender.OnExecutionMessageReceived: Received message: {"Version":7,"MessageType":"TestSession.Message","Payload":{"MessageLevel":0,"Message":"   NUnit3TestExecutor discovered 3 of 3 NUnit test cases using Current Discovery mode, Non-Explicit run"}}
TpTrace Verbose: 0 : 20428, 9, 2024/12/17, 15:28:33.317, 7752311804281, vstest.console.dll, TestRunRequest:SendTestRunMessage: Starting.
TpTrace Verbose: 0 : 20428, 9, 2024/12/17, 15:28:33.318, 7752311813146, vstest.console.dll, MulticastDelegateUtilities.SafeInvoke: TestRun.LogMessages: Invoking callback 1/1 for Microsoft.VisualStudio.TestPlatform.CommandLine.TestRunResultAggregator., took 0 ms.
TpTrace Verbose: 0 : 20428, 4, 2024/12/17, 15:28:33.318, 7752311813508, vstest.console.dll, MulticastDelegateUtilities.SafeInvoke: InternalTestLoggerEvents.SendTestRunMessage: Invoking callback 1/1 for Microsoft.VisualStudio.TestPlatform.CommandLine.Internal.ConsoleLogger., took 0 ms.
TpTrace Information: 0 : 20428, 9, 2024/12/17, 15:28:33.318, 7752311813550, vstest.console.dll, TestRunRequest:SendTestRunMessage: Completed.
TpTrace Verbose: 0 : 20428, 9, 2024/12/17, 15:28:33.319, 7752311817398, vstest.console.dll, MulticastDelegateUtilities.SafeInvoke: LengthPrefixCommunicationChannel: MessageReceived: Invoking callback 1/1 for Microsoft.VisualStudio.TestPlatform.CommunicationUtilities.TestRequestSender+<>c__DisplayClass34_0., took 1 ms.
TpTrace Verbose: 0 : 20428, 9, 2024/12/17, 15:28:33.319, 7752311817419, vstest.console.dll, TcpClientExtensions.MessageLoopAsync: Polling on remoteEndPoint: 127.0.0.1:64533 localEndPoint: 127.0.0.1:64532 after 344 ms
TpTrace Verbose: 0 : 20428, 9, 2024/12/17, 15:28:34.308, 7752321707732, vstest.console.dll, TcpClientExtensions.MessageLoopAsync: NotifyDataAvailable remoteEndPoint: 127.0.0.1:64533 localEndPoint: 127.0.0.1:64532
TpTrace Verbose: 0 : 20428, 9, 2024/12/17, 15:28:34.308, 7752321713762, vstest.console.dll, TestRequestSender.OnExecutionMessageReceived: Received message: {"Version":7,"MessageType":"TestExecution.StatsChange","Payload":{"NewTestResults":[],"TestRunStatistics":{"ExecutedTests":0,"Stats":{}},"ActiveTests":[{"Id":"2f31fed1-3644-1d97-3298-3d0b299a8e56","FullyQualifiedName":"ProductServiceTest.ProductRepositoryTest.AddTest","DisplayName":"AddTest","ExecutorUri":"executor://NUnit3TestExecutor","Source":"C:\\Users\\Administrator\\Desktop\\.NET Training\\Day6\\ProductMicroservice\\ProductServiceTest\\bin\\Debug\\net8.0\\fine-code-coverage\\build-output\\ProductServiceTest.dll","CodeFilePath":null,"LineNumber":0,"Properties":[{"Key":{"Id":"NUnit.Seed","Label":"Seed","Category":"","Description":"","Attributes":0,"ValueType":"System.String"},"Value":"1655211502"}]}]}}
TpTrace Verbose: 0 : 20428, 9, 2024/12/17, 15:28:34.341, 7752322045156, vstest.console.dll, TestRunRequest:SendTestRunStatsChange: Starting.
TpTrace Verbose: 0 : 20428, 9, 2024/12/17, 15:28:34.342, 7752322047209, vstest.console.dll, InProgress is AddTest
TpTrace Verbose: 0 : 20428, 9, 2024/12/17, 15:28:34.342, 7752322048944, vstest.console.dll, MulticastDelegateUtilities.SafeInvoke: TestRun.RunStatsChanged: Invoking callbacks was skipped because there are no subscribers.
TpTrace Information: 0 : 20428, 9, 2024/12/17, 15:28:34.342, 7752322049562, vstest.console.dll, TestRunRequest:SendTestRunStatsChange: Completed.
TpTrace Verbose: 0 : 20428, 9, 2024/12/17, 15:28:34.342, 7752322050564, vstest.console.dll, MulticastDelegateUtilities.SafeInvoke: LengthPrefixCommunicationChannel: MessageReceived: Invoking callback 1/1 for Microsoft.VisualStudio.TestPlatform.CommunicationUtilities.TestRequestSender+<>c__DisplayClass34_0., took 33 ms.
TpTrace Verbose: 0 : 20428, 9, 2024/12/17, 15:28:34.342, 7752322051299, vstest.console.dll, TcpClientExtensions.MessageLoopAsync: Polling on remoteEndPoint: 127.0.0.1:64533 localEndPoint: 127.0.0.1:64532 after 1023 ms
TpTrace Verbose: 0 : 20428, 9, 2024/12/17, 15:28:34.725, 7752325877417, vstest.console.dll, TcpClientExtensions.MessageLoopAsync: NotifyDataAvailable remoteEndPoint: 127.0.0.1:64533 localEndPoint: 127.0.0.1:64532
TpTrace Verbose: 0 : 20428, 9, 2024/12/17, 15:28:34.725, 7752325879631, vstest.console.dll, TestRequestSender.OnExecutionMessageReceived: Received message: {"Version":7,"MessageType":"TestSession.Message","Payload":{"MessageLevel":0,"Message":"NUnit Adapter 4.5.0.0: Test execution complete"}}
TpTrace Verbose: 0 : 20428, 9, 2024/12/17, 15:28:34.725, 7752325881936, vstest.console.dll, TestRunRequest:SendTestRunMessage: Starting.
TpTrace Verbose: 0 : 20428, 9, 2024/12/17, 15:28:34.725, 7752325884808, vstest.console.dll, MulticastDelegateUtilities.SafeInvoke: TestRun.LogMessages: Invoking callback 1/1 for Microsoft.VisualStudio.TestPlatform.CommandLine.TestRunResultAggregator., took 0 ms.
TpTrace Information: 0 : 20428, 9, 2024/12/17, 15:28:34.725, 7752325885504, vstest.console.dll, TestRunRequest:SendTestRunMessage: Completed.
TpTrace Verbose: 0 : 20428, 9, 2024/12/17, 15:28:34.726, 7752325886263, vstest.console.dll, MulticastDelegateUtilities.SafeInvoke: LengthPrefixCommunicationChannel: MessageReceived: Invoking callback 1/1 for Microsoft.VisualStudio.TestPlatform.CommunicationUtilities.TestRequestSender+<>c__DisplayClass34_0., took 0 ms.
TpTrace Verbose: 0 : 20428, 4, 2024/12/17, 15:28:34.726, 7752325886260, vstest.console.dll, MulticastDelegateUtilities.SafeInvoke: InternalTestLoggerEvents.SendTestRunMessage: Invoking callback 1/1 for Microsoft.VisualStudio.TestPlatform.CommandLine.Internal.ConsoleLogger., took 0 ms.
TpTrace Verbose: 0 : 20428, 9, 2024/12/17, 15:28:34.726, 7752325887328, vstest.console.dll, TcpClientExtensions.MessageLoopAsync: Polling on remoteEndPoint: 127.0.0.1:64533 localEndPoint: 127.0.0.1:64532 after 383 ms
TpTrace Verbose: 0 : 20428, 9, 2024/12/17, 15:28:34.771, 7752326343751, vstest.console.dll, TcpClientExtensions.MessageLoopAsync: NotifyDataAvailable remoteEndPoint: 127.0.0.1:64533 localEndPoint: 127.0.0.1:64532
TpTrace Verbose: 0 : 20428, 9, 2024/12/17, 15:28:34.772, 7752326350244, vstest.console.dll, TestRequestSender.OnExecutionMessageReceived: Received message: {"Version":7,"MessageType":"TestExecution.Completed","Payload":{"TestRunCompleteArgs":{"TestRunStatistics":{"ExecutedTests":3,"Stats":{"Passed":1,"Failed":2}},"IsCanceled":false,"IsAborted":false,"Error":null,"AttachmentSets":[],"InvokedDataCollectors":[],"ElapsedTimeInRunningTests":"00:00:01.8699455","Metrics":{},"DiscoveredExtensions":{"TestDiscoverers":["NUnit.VisualStudio.TestAdapter.NUnit3TestDiscoverer, NUnit3.TestAdapter, Version=4.5.0.0, Culture=neutral, PublicKeyToken=4cb40d35494691ac"],"TestExecutors":["executor://NUnit3TestExecutor"],"TestExecutors2":[],"TestSettingsProviders":[]}},"LastRunTests":{"NewTestResults":[{"TestCase":{"Id":"2f31fed1-3644-1d97-3298-3d0b299a8e56","FullyQualifiedName":"ProductServiceTest.ProductRepositoryTest.AddTest","DisplayName":"AddTest","ExecutorUri":"executor://NUnit3TestExecutor","Source":"C:\\Users\\Administrator\\Desktop\\.NET Training\\Day6\\ProductMicroservice\\ProductServiceTest\\bin\\Debug\\net8.0\\fine-code-coverage\\build-output\\ProductServiceTest.dll","CodeFilePath":null,"LineNumber":0,"Properties":[{"Key":{"Id":"NUnit.Seed","Label":"Seed","Category":"","Description":"","Attributes":0,"ValueType":"System.String"},"Value":"1655211502"}]},"Attachments":[],"Outcome":1,"ErrorMessage":null,"ErrorStackTrace":null,"DisplayName":"AddTest","Messages":[],"ComputerName":"DESKTOP-2QN715N","Duration":"00:00:00.8762060","StartTime":"2024-12-17T09:58:33.3870079+00:00","EndTime":"2024-12-17T09:58:34.2631638+00:00","Properties":[{"Key":{"Id":"NUnit.Seed","Label":"Seed","Category":"","Description":"","Attributes":0,"ValueType":"System.String"},"Value":"1655211502"}]},{"TestCase":{"Id":"1702a496-e003-df4e-1a66-78f682287f13","FullyQualifiedName":"ProductServiceTest.ProductRepositoryTest.GetAllExceptionTest","DisplayName":"GetAllExceptionTest","ExecutorUri":"executor://NUnit3TestExecutor","Source":"C:\\Users\\Administrator\\Desktop\\.NET Training\\Day6\\ProductMicroservice\\ProductServiceTest\\bin\\Debug\\net8.0\\fine-code-coverage\\build-output\\ProductServiceTest.dll","CodeFilePath":null,"LineNumber":0,"Properties":[{"Key":{"Id":"NUnit.Seed","Label":"Seed","Category":"","Description":"","Attributes":0,"ValueType":"System.String"},"Value":"728658014"}]},"Attachments":[],"Outcome":2,"ErrorMessage":"  Expected: <System.Exception>\r\n  But was:  null\r\n","ErrorStackTrace":"   at ProductServiceTest.ProductRepositoryTest.GetAllExceptionTest() in C:\\Users\\Administrator\\Desktop\\.NET Training\\Day6\\ProductMicroservice\\ProductServiceTest\\ProductRepositoryTest.cs:line 74\r\n   at NUnit.Framework.Internal.TaskAwaitAdapter.GenericAdapter`1.GetResult()\r\n   at NUnit.Framework.Internal.AsyncToSyncAdapter.Await(Func`1 invoke)\r\n   at NUnit.Framework.Internal.Commands.TestMethodCommand.RunTestMethod(TestExecutionContext context)\r\n   at NUnit.Framework.Internal.Commands.TestMethodCommand.Execute(TestExecutionContext context)\r\n   at NUnit.Framework.Internal.Commands.BeforeAndAfterTestCommand.<>c__DisplayClass1_0.<Execute>b__0()\r\n   at NUnit.Framework.Internal.Commands.DelegatingTestCommand.RunTestMethodInThreadAbortSafeZone(TestExecutionContext context, Action action)\r\n\n1)    at ProductServiceTest.ProductRepositoryTest.GetAllExceptionTest() in C:\\Users\\Administrator\\Desktop\\.NET Training\\Day6\\ProductMicroservice\\ProductServiceTest\\ProductRepositoryTest.cs:line 74\r\n   at System.Runtime.CompilerServices.AsyncMethodBuilderCore.Start[TStateMachine](TStateMachine& stateMachine)\r\n   at ProductServiceTest.ProductRepositoryTest.GetAllExceptionTest()\r\n\n","DisplayName":"GetAllExceptionTest","Messages":[],"ComputerName":"DESKTOP-2QN715N","Duration":"00:00:00.3676050","StartTime":"2024-12-17T09:58:34.2676945+00:00","EndTime":"2024-12-17T09:58:34.6352997+00:00","Properties":[{"Key":{"Id":"NUnit.Seed","Label":"Seed","Category":"","Description":"","Attributes":0,"ValueType":"System.String"},"Value":"728658014"}]},{"TestCase":{"Id":"70d03b91-df2b-b6ee-bfec-ed4e11984340","FullyQualifiedName":"ProductServiceTest.ProductRepositoryTest.GetAllTest","DisplayName":"GetAllTest","ExecutorUri":"executor://NUnit3TestExecutor","Source":"C:\\Users\\Administrator\\Desktop\\.NET Training\\Day6\\ProductMicroservice\\ProductServiceTest\\bin\\Debug\\net8.0\\fine-code-coverage\\build-output\\ProductServiceTest.dll","CodeFilePath":null,"LineNumber":0,"Properties":[{"Key":{"Id":"NUnit.Seed","Label":"Seed","Category":"","Description":"","Attributes":0,"ValueType":"System.String"},"Value":"1485103428"}]},"Attachments":[],"Outcome":2,"ErrorMessage":"  Expected: 1\r\n  But was:  2\r\n","ErrorStackTrace":"   at ProductServiceTest.ProductRepositoryTest.GetAllTest() in C:\\Users\\Administrator\\Desktop\\.NET Training\\Day6\\ProductMicroservice\\ProductServiceTest\\ProductRepositoryTest.cs:line 68\r\n   at NUnit.Framework.Internal.TaskAwaitAdapter.GenericAdapter`1.GetResult()\r\n   at NUnit.Framework.Internal.AsyncToSyncAdapter.Await(Func`1 invoke)\r\n   at NUnit.Framework.Internal.Commands.TestMethodCommand.RunTestMethod(TestExecutionContext context)\r\n   at NUnit.Framework.Internal.Commands.TestMethodCommand.Execute(TestExecutionContext context)\r\n   at NUnit.Framework.Internal.Commands.BeforeAndAfterTestCommand.<>c__DisplayClass1_0.<Execute>b__0()\r\n   at NUnit.Framework.Internal.Commands.DelegatingTestCommand.RunTestMethodInThreadAbortSafeZone(TestExecutionContext context, Action action)\r\n\n1)    at ProductServiceTest.ProductRepositoryTest.GetAllTest() in C:\\Users\\Administrator\\Desktop\\.NET Training\\Day6\\ProductMicroservice\\ProductServiceTest\\ProductRepositoryTest.cs:line 68\r\n   at System.Runtime.CompilerServices.AsyncMethodBuilderCore.Start[TStateMachine](TStateMachine& stateMachine)\r\n   at ProductServiceTest.ProductRepositoryTest.GetAllTest()\r\n\n","DisplayName":"GetAllTest","Messages":[],"ComputerName":"DESKTOP-2QN715N","Duration":"00:00:00.0401750","StartTime":"2024-12-17T09:58:34.6638912+00:00","EndTime":"2024-12-17T09:58:34.7040658+00:00","Properties":[{"Key":{"Id":"NUnit.Seed","Label":"Seed","Category":"","Description":"","Attributes":0,"ValueType":"System.String"},"Value":"1485103428"}]}],"TestRunStatistics":{"ExecutedTests":3,"Stats":{"Passed":1,"Failed":2}},"ActiveTests":[]},"RunAttachments":[],"ExecutorUris":["executor://nunit3testexecutor/"]}}
TpTrace Verbose: 0 : 20428, 9, 2024/12/17, 15:28:34.772, 7752326355695, vstest.console.dll, TestRequestSender.EndSession: Sending end session.
TpTrace Verbose: 0 : 20428, 9, 2024/12/17, 15:28:34.773, 7752326359898, vstest.console.dll, ProxyOperationManager.Close: waiting for test host to exit for 100 ms
TpTrace Verbose: 0 : 20428, 11, 2024/12/17, 15:28:34.797, 7752326595993, vstest.console.dll, TestHostManagerCallbacks.StandardOutputReceivedCallback Test host standard output line: 
TpTrace Warning: 0 : 20428, 12, 2024/12/17, 15:28:34.797, 7752326597081, vstest.console.dll, TestHostManagerCallbacks.ErrorReceivedCallback Test host standard error line: 
TpTrace Verbose: 0 : 20428, 11, 2024/12/17, 15:28:34.822, 7752326851257, vstest.console.dll, TestHostProvider.ExitCallBack: Host exited starting callback.
TpTrace Information: 0 : 20428, 11, 2024/12/17, 15:28:34.822, 7752326854832, vstest.console.dll, TestHostManagerCallbacks.ExitCallBack: Testhost processId: 22532 exited with exitcode: 0 error: ''
TpTrace Verbose: 0 : 20428, 11, 2024/12/17, 15:28:34.823, 7752326856211, vstest.console.dll, DotnetTestHostManager.OnHostExited: invoking OnHostExited callback
TpTrace Verbose: 0 : 20428, 11, 2024/12/17, 15:28:34.823, 7752326857680, vstest.console.dll, CrossPlatEngine.TestHostManagerHostExited: calling on client process exit callback.
TpTrace Information: 0 : 20428, 11, 2024/12/17, 15:28:34.823, 7752326859215, vstest.console.dll, TestRequestSender.OnClientProcessExit: Test host process exited. Standard error: 
TpTrace Information: 0 : 20428, 11, 2024/12/17, 15:28:34.823, 7752326860271, vstest.console.dll, SocketServer.Stop: Stop server endPoint: 127.0.0.1:64532
TpTrace Information: 0 : 20428, 9, 2024/12/17, 15:28:34.823, 7752326860373, vstest.console.dll, SocketServer.Stop: Stop server endPoint: 127.0.0.1:64532
TpTrace Information: 0 : 20428, 11, 2024/12/17, 15:28:34.823, 7752326861149, vstest.console.dll, SocketServer.Stop: Cancellation requested. Stopping message loop.
TpTrace Information: 0 : 20428, 9, 2024/12/17, 15:28:34.823, 7752326862283, vstest.console.dll, SocketServer.Stop: Cancellation requested. Stopping message loop.
TpTrace Information: 0 : 20428, 9, 2024/12/17, 15:28:34.823, 7752326863904, vstest.console.dll, Closing the connection
TpTrace Verbose: 0 : 20428, 11, 2024/12/17, 15:28:34.823, 7752326864819, vstest.console.dll, MulticastDelegateUtilities.SafeInvoke: HostProviderEvents.OnHostExited: Invoking callback 1/1 for Microsoft.VisualStudio.TestPlatform.CrossPlatEngine.Client.ProxyOperationManager., took 0 ms.
TpTrace Verbose: 0 : 20428, 9, 2024/12/17, 15:28:34.824, 7752326869588, vstest.console.dll, ProxyDataCollectionManager.InvokeDataCollectionServiceAction: Starting.
TpTrace Information: 0 : 20428, 9, 2024/12/17, 15:28:34.824, 7752326870464, vstest.console.dll, ProxyDataCollectionManager.AfterTestRunEnd: Get attachment set and invoked data collectors processId: 21680 port: 64529
TpTrace Verbose: 0 : 20428, 9, 2024/12/17, 15:28:34.824, 7752326871284, vstest.console.dll, DataCollectionRequestSender.SendAfterTestRunStartAndGetResult: Send AfterTestRunEnd message with isCancelled: False
TpTrace Verbose: 0 : 20428, 9, 2024/12/17, 15:28:34.834, 7752326972981, vstest.console.dll, DataCollectionRequestSender.SendAfterTestRunStartAndGetResult: Received message: (DataCollection.AfterTestRunEndResult) -> {"MessageType":"DataCollection.AfterTestRunEndResult","Payload":{"AttachmentSets":[],"InvokedDataCollectors":[{"Uri":"datacollector://Microsoft/TestPlatform/Extensions/Blame/v1","FriendlyName":"Blame","AssemblyQualifiedName":"Microsoft.TestPlatform.Extensions.BlameDataCollector.BlameCollector, Microsoft.TestPlatform.Extensions.BlameDataCollector, Version=15.0.0.0, Culture=neutral, PublicKeyToken=b03f5f7f11d50a3a","FilePath":"C:\\Program Files\\dotnet\\sdk\\9.0.101\\Extensions\\Microsoft.TestPlatform.Extensions.BlameDataCollector.dll","HasAttachmentProcessor":false}],"Metrics":{}}}
TpTrace Information: 0 : 20428, 9, 2024/12/17, 15:28:34.843, 7752327062607, vstest.console.dll, ProxyDataCollectionManager.InvokeDataCollectionServiceAction: Completed.
TpTrace Warning: 0 : 20428, 10, 2024/12/17, 15:28:34.845, 7752327083778, vstest.console.dll, DataCollectionLauncher.ErrorReceivedCallback datacollector standard error line: 
TpTrace Information: 0 : 20428, 10, 2024/12/17, 15:28:34.865, 7752327276553, vstest.console.dll, DataCollectionLauncher.ExitCallBack: Data collector exited with exitcode: 0 error: ''
TpTrace Verbose: 0 : 20428, 9, 2024/12/17, 15:28:34.925, 7752327879992, vstest.console.dll, TestRunRequest:SendTestRunStatsChange: Starting.
TpTrace Verbose: 0 : 20428, 9, 2024/12/17, 15:28:34.925, 7752327884433, vstest.console.dll, MulticastDelegateUtilities.SafeInvoke: TestRun.RunStatsChanged: Invoking callbacks was skipped because there are no subscribers.
TpTrace Information: 0 : 20428, 9, 2024/12/17, 15:28:34.926, 7752327889255, vstest.console.dll, TestRunRequest:SendTestRunStatsChange: Completed.
TpTrace Verbose: 0 : 20428, 9, 2024/12/17, 15:28:34.927, 7752327896619, vstest.console.dll, ParallelProxyExecutionManager: HandlePartialRunComplete: Total workloads = 1, Total started clients = 1 Total completed clients = 1, Run complete = True, Run canceled: False.
TpTrace Verbose: 0 : 20428, 9, 2024/12/17, 15:28:34.927, 7752327896625, vstest.console.dll, ParallelProxyExecutionManager: HandlePartialRunComplete: All runs completed stopping all managers.
TpTrace Verbose: 0 : 20428, 9, 2024/12/17, 15:28:34.927, 7752327896631, vstest.console.dll, ParallelOperationManager.StopAllManagers: Stopping all managers.
TpTrace Verbose: 0 : 20428, 9, 2024/12/17, 15:28:34.927, 7752327900215, vstest.console.dll, ParallelOperationManager.ClearSlots: Clearing all slots. Slots should accept more work: False
TpTrace Verbose: 0 : 20428, 9, 2024/12/17, 15:28:34.927, 7752327900221, vstest.console.dll, ParallelOperationManager.SetOccupiedSlotCount: Setting slot counts AvailableSlotCount = 1, OccupiedSlotCount = 0.
TpTrace Verbose: 0 : 20428, 9, 2024/12/17, 15:28:34.927, 7752327902180, vstest.console.dll, Occupied slots:

TpTrace Verbose: 0 : 20428, 4, 2024/12/17, 15:28:34.928, 7752327915554, vstest.console.dll, MulticastDelegateUtilities.SafeInvoke: InternalTestLoggerEvents.SendTestResult: Invoking callback 1/1 for Microsoft.VisualStudio.TestPlatform.CommandLine.Internal.ConsoleLogger., took 2 ms.
TpTrace Verbose: 0 : 20428, 4, 2024/12/17, 15:28:34.930, 7752327927587, vstest.console.dll, MulticastDelegateUtilities.SafeInvoke: InternalTestLoggerEvents.SendTestResult: Invoking callback 1/1 for Microsoft.VisualStudio.TestPlatform.CommandLine.Internal.ConsoleLogger., took 1 ms.
TpTrace Verbose: 0 : 20428, 4, 2024/12/17, 15:28:34.930, 7752327932340, vstest.console.dll, MulticastDelegateUtilities.SafeInvoke: InternalTestLoggerEvents.SendTestResult: Invoking callback 1/1 for Microsoft.VisualStudio.TestPlatform.CommandLine.Internal.ConsoleLogger., took 0 ms.
TpTrace Verbose: 0 : 20428, 4, 2024/12/17, 15:28:34.945, 7752328077943, vstest.console.dll, MulticastDelegateUtilities.SafeInvoke: InternalTestLoggerEvents.SendTestRunComplete: Invoking callback 1/2 for Microsoft.TestPlatform.Extensions.BlameDataCollector.BlameLogger., took 0 ms.
TpTrace Verbose: 0 : 20428, 4, 2024/12/17, 15:28:34.992, 7752328548202, vstest.console.dll, MulticastDelegateUtilities.SafeInvoke: InternalTestLoggerEvents.SendTestRunComplete: Invoking callback 2/2 for Microsoft.VisualStudio.TestPlatform.CommandLine.Internal.ConsoleLogger., took 46 ms.
TpTrace Verbose: 0 : 20428, 9, 2024/12/17, 15:28:34.993, 7752328559819, vstest.console.dll, TestRunRequest:TestRunComplete: Starting. IsAborted:False IsCanceled:False.
TpTrace Verbose: 0 : 20428, 9, 2024/12/17, 15:28:34.993, 7752328564100, vstest.console.dll, ParallelOperationManager.DoActionOnAllManagers: Calling an action on all managers.
TpTrace Verbose: 0 : 20428, 9, 2024/12/17, 15:28:34.996, 7752328589157, vstest.console.dll, TestLoggerManager.HandleTestRunComplete: Ignoring as the object is disposed.
TpTrace Verbose: 0 : 20428, 9, 2024/12/17, 15:28:34.996, 7752328594158, vstest.console.dll, MulticastDelegateUtilities.SafeInvoke: TestRun.TestRunComplete: Invoking callback 1/2 for Microsoft.VisualStudio.TestPlatform.CommandLine.TestRunResultAggregator., took 0 ms.
TpTrace Verbose: 0 : 20428, 9, 2024/12/17, 15:28:34.997, 7752328597551, vstest.console.dll, MulticastDelegateUtilities.SafeInvoke: TestRun.TestRunComplete: Invoking callback 2/2 for Microsoft.VisualStudio.TestPlatform.CommandLine.Processors.RunTestsArgumentExecutor+TestRunRequestEventsRegistrar., took 0 ms.
TpTrace Information: 0 : 20428, 9, 2024/12/17, 15:28:34.997, 7752328601090, vstest.console.dll, TestRunRequest:TestRunComplete: Completed.
TpTrace Verbose: 0 : 20428, 9, 2024/12/17, 15:28:34.997, 7752328601339, vstest.console.dll, TestRequestSender.SetOperationComplete: Setting operation complete.
TpTrace Verbose: 0 : 20428, 1, 2024/12/17, 15:28:34.997, 7752328603487, vstest.console.dll, TestRunRequest.Dispose: Starting.
TpTrace Information: 0 : 20428, 9, 2024/12/17, 15:28:34.997, 7752328603493, vstest.console.dll, SocketServer.Stop: Stop server endPoint: 127.0.0.1:64532
TpTrace Information: 0 : 20428, 1, 2024/12/17, 15:28:34.997, 7752328605205, vstest.console.dll, TestRunRequest.Dispose: Completed.
TpTrace Information: 0 : 20428, 9, 2024/12/17, 15:28:34.998, 7752328605927, vstest.console.dll, SocketServer.Stop: Cancellation requested. Stopping message loop.
TpTrace Verbose: 0 : 20428, 9, 2024/12/17, 15:28:34.998, 7752328607479, vstest.console.dll, MulticastDelegateUtilities.SafeInvoke: LengthPrefixCommunicationChannel: MessageReceived: Invoking callback 1/1 for Microsoft.VisualStudio.TestPlatform.CommunicationUtilities.TestRequestSender+<>c__DisplayClass34_0., took 225 ms.
TpTrace Information: 0 : 20428, 1, 2024/12/17, 15:28:34.998, 7752328608785, vstest.console.dll, TestRequestManager.RunTests: run tests completed.
TpTrace Information: 0 : 20428, 9, 2024/12/17, 15:28:34.998, 7752328608791, vstest.console.dll, SocketServer.PrivateStop: Stopping server endPoint: 127.0.0.1:64532 error: 
TpTrace Information: 0 : 20428, 1, 2024/12/17, 15:28:34.998, 7752328610679, vstest.console.dll, RunTestsArgumentProcessor:Execute: Test run is completed.
TpTrace Verbose: 0 : 20428, 1, 2024/12/17, 15:28:34.999, 7752328618021, vstest.console.dll, Executor.Execute: Exiting with exit code of 1
TpTrace Verbose: 0 : 20428, 9, 2024/12/17, 15:28:34.999, 7752328623608, vstest.console.dll, LengthPrefixCommunicationChannel.Dispose: Dispose reader and writer.
TpTrace Information: 0 : 20428, 9, 2024/12/17, 15:28:35.000, 7752328629607, vstest.console.dll, SocketServer.Stop: Raise disconnected event endPoint: 127.0.0.1:64532 error: 
TpTrace Verbose: 0 : 20428, 9, 2024/12/17, 15:28:35.000, 7752328632118, vstest.console.dll, TestRequestSender: OnTestRunAbort: Operation is already complete. Skip error message.
